{"/Users/Paula/Desktop/Hackathon/take-medicine_front/src/App.jsx": {"path":"/Users/Paula/Desktop/Hackathon/take-medicine_front/src/App.jsx","all":true,"statementMap":{"0":{"start":{"line":1,"column":0},"end":{"line":1,"column":40}},"1":{"start":{"line":2,"column":0},"end":{"line":2,"column":19}},"2":{"start":{"line":3,"column":0},"end":{"line":3,"column":52}},"3":{"start":{"line":4,"column":0},"end":{"line":4,"column":61}},"4":{"start":{"line":5,"column":0},"end":{"line":5,"column":68}},"5":{"start":{"line":6,"column":0},"end":{"line":6,"column":63}},"6":{"start":{"line":7,"column":0},"end":{"line":7,"column":42}},"8":{"start":{"line":9,"column":0},"end":{"line":9,"column":70}},"10":{"start":{"line":11,"column":0},"end":{"line":11,"column":16}},"12":{"start":{"line":13,"column":0},"end":{"line":13,"column":10}},"13":{"start":{"line":14,"column":0},"end":{"line":14,"column":19}},"14":{"start":{"line":15,"column":0},"end":{"line":15,"column":14}},"15":{"start":{"line":16,"column":0},"end":{"line":16,"column":42}},"16":{"start":{"line":17,"column":0},"end":{"line":17,"column":63}},"17":{"start":{"line":18,"column":0},"end":{"line":18,"column":19}},"18":{"start":{"line":19,"column":0},"end":{"line":19,"column":30}},"20":{"start":{"line":21,"column":0},"end":{"line":21,"column":6}},"21":{"start":{"line":22,"column":0},"end":{"line":22,"column":60}},"22":{"start":{"line":23,"column":0},"end":{"line":23,"column":15}},"23":{"start":{"line":24,"column":0},"end":{"line":24,"column":20}},"25":{"start":{"line":26,"column":0},"end":{"line":26,"column":1}},"27":{"start":{"line":28,"column":0},"end":{"line":28,"column":18}}},"s":{"0":0,"1":0,"2":0,"3":0,"4":0,"5":0,"6":0,"8":0,"10":0,"12":0,"13":0,"14":0,"15":0,"16":0,"17":0,"18":0,"20":0,"21":0,"22":0,"23":0,"25":0,"27":0},"branchMap":{"0":{"type":"branch","line":1,"loc":{"start":{"line":1,"column":784},"end":{"line":28,"column":18}},"locations":[{"start":{"line":1,"column":784},"end":{"line":28,"column":18}}]}},"b":{"0":[0]},"fnMap":{"0":{"name":"(empty-report)","decl":{"start":{"line":1,"column":784},"end":{"line":28,"column":18}},"loc":{"start":{"line":1,"column":784},"end":{"line":28,"column":18}},"line":1}},"f":{"0":0}}
,"/Users/Paula/Desktop/Hackathon/take-medicine_front/src/main.jsx": {"path":"/Users/Paula/Desktop/Hackathon/take-medicine_front/src/main.jsx","all":true,"statementMap":{"0":{"start":{"line":1,"column":0},"end":{"line":1,"column":26}},"1":{"start":{"line":2,"column":0},"end":{"line":2,"column":34}},"2":{"start":{"line":3,"column":0},"end":{"line":3,"column":45}},"3":{"start":{"line":4,"column":0},"end":{"line":4,"column":20}},"4":{"start":{"line":5,"column":0},"end":{"line":5,"column":27}},"6":{"start":{"line":7,"column":0},"end":{"line":7,"column":51}},"7":{"start":{"line":8,"column":0},"end":{"line":8,"column":14}},"8":{"start":{"line":9,"column":0},"end":{"line":9,"column":11}},"9":{"start":{"line":10,"column":0},"end":{"line":10,"column":16}},"10":{"start":{"line":11,"column":0},"end":{"line":11,"column":1}}},"s":{"0":0,"1":0,"2":0,"3":0,"4":0,"6":0,"7":0,"8":0,"9":0,"10":0},"branchMap":{"0":{"type":"branch","line":1,"loc":{"start":{"line":1,"column":0},"end":{"line":11,"column":-147}},"locations":[{"start":{"line":1,"column":0},"end":{"line":11,"column":-147}}]}},"b":{"0":[0]},"fnMap":{"0":{"name":"(empty-report)","decl":{"start":{"line":1,"column":0},"end":{"line":11,"column":-147}},"loc":{"start":{"line":1,"column":0},"end":{"line":11,"column":-147}},"line":1}},"f":{"0":0}}
,"/Users/Paula/Desktop/Hackathon/take-medicine_front/src/setupTests.js": {"path":"/Users/Paula/Desktop/Hackathon/take-medicine_front/src/setupTests.js","all":true,"statementMap":{"0":{"start":{"line":1,"column":0},"end":{"line":1,"column":35}}},"s":{"0":0},"branchMap":{"0":{"type":"branch","line":1,"loc":{"start":{"line":1,"column":0},"end":{"line":1,"column":35}},"locations":[{"start":{"line":1,"column":0},"end":{"line":1,"column":35}}]}},"b":{"0":[0]},"fnMap":{"0":{"name":"(empty-report)","decl":{"start":{"line":1,"column":0},"end":{"line":1,"column":35}},"loc":{"start":{"line":1,"column":0},"end":{"line":1,"column":35}},"line":1}},"f":{"0":0}}
,"/Users/Paula/Desktop/Hackathon/take-medicine_front/src/components/Navbar/Navbar.jsx": {"path":"/Users/Paula/Desktop/Hackathon/take-medicine_front/src/components/Navbar/Navbar.jsx","all":true,"statementMap":{"0":{"start":{"line":1,"column":0},"end":{"line":1,"column":37}},"1":{"start":{"line":2,"column":0},"end":{"line":2,"column":33}},"2":{"start":{"line":3,"column":0},"end":{"line":3,"column":22}},"3":{"start":{"line":4,"column":0},"end":{"line":4,"column":51}},"4":{"start":{"line":5,"column":0},"end":{"line":5,"column":51}},"6":{"start":{"line":7,"column":0},"end":{"line":7,"column":42}},"7":{"start":{"line":8,"column":0},"end":{"line":8,"column":12}},"8":{"start":{"line":9,"column":0},"end":{"line":9,"column":35}},"9":{"start":{"line":10,"column":0},"end":{"line":10,"column":36}},"10":{"start":{"line":11,"column":0},"end":{"line":11,"column":39}},"12":{"start":{"line":13,"column":0},"end":{"line":13,"column":23}},"13":{"start":{"line":14,"column":0},"end":{"line":14,"column":43}},"14":{"start":{"line":15,"column":0},"end":{"line":15,"column":41}},"15":{"start":{"line":16,"column":0},"end":{"line":16,"column":46}},"16":{"start":{"line":17,"column":0},"end":{"line":17,"column":60}},"17":{"start":{"line":18,"column":0},"end":{"line":18,"column":29}},"18":{"start":{"line":19,"column":0},"end":{"line":19,"column":27}},"19":{"start":{"line":20,"column":0},"end":{"line":20,"column":29}},"20":{"start":{"line":21,"column":0},"end":{"line":21,"column":24}},"21":{"start":{"line":22,"column":0},"end":{"line":22,"column":33}},"22":{"start":{"line":23,"column":0},"end":{"line":23,"column":29}},"23":{"start":{"line":24,"column":0},"end":{"line":24,"column":38}},"24":{"start":{"line":25,"column":0},"end":{"line":25,"column":23}},"26":{"start":{"line":27,"column":0},"end":{"line":27,"column":38}},"27":{"start":{"line":28,"column":0},"end":{"line":28,"column":50}},"28":{"start":{"line":29,"column":0},"end":{"line":29,"column":49}},"29":{"start":{"line":30,"column":0},"end":{"line":30,"column":29}},"30":{"start":{"line":31,"column":0},"end":{"line":31,"column":27}},"32":{"start":{"line":33,"column":0},"end":{"line":33,"column":26}},"33":{"start":{"line":34,"column":0},"end":{"line":34,"column":18}},"35":{"start":{"line":36,"column":0},"end":{"line":36,"column":17}},"37":{"start":{"line":38,"column":0},"end":{"line":38,"column":1}}},"s":{"0":0,"1":0,"2":0,"3":0,"4":0,"6":0,"7":0,"8":0,"9":0,"10":0,"12":0,"13":0,"14":0,"15":0,"16":0,"17":0,"18":0,"19":0,"20":0,"21":0,"22":0,"23":0,"24":0,"26":0,"27":0,"28":0,"29":0,"30":0,"32":0,"33":0,"35":0,"37":0},"branchMap":{"0":{"type":"branch","line":1,"loc":{"start":{"line":1,"column":1171},"end":{"line":38,"column":1}},"locations":[{"start":{"line":1,"column":1171},"end":{"line":38,"column":1}}]}},"b":{"0":[0]},"fnMap":{"0":{"name":"(empty-report)","decl":{"start":{"line":1,"column":1171},"end":{"line":38,"column":1}},"loc":{"start":{"line":1,"column":1171},"end":{"line":38,"column":1}},"line":1}},"f":{"0":0}}
,"/Users/Paula/Desktop/Hackathon/take-medicine_front/src/components/addButton/AddButton.jsx": {"path":"/Users/Paula/Desktop/Hackathon/take-medicine_front/src/components/addButton/AddButton.jsx","all":false,"statementMap":{"0":{"start":{"line":1,"column":0},"end":{"line":1,"column":38}},"1":{"start":{"line":2,"column":0},"end":{"line":2,"column":25}},"2":{"start":{"line":3,"column":0},"end":{"line":3,"column":65}},"3":{"start":{"line":4,"column":0},"end":{"line":4,"column":60}},"4":{"start":{"line":5,"column":0},"end":{"line":5,"column":56}},"6":{"start":{"line":7,"column":0},"end":{"line":7,"column":71}},"7":{"start":{"line":8,"column":0},"end":{"line":8,"column":54}},"9":{"start":{"line":10,"column":0},"end":{"line":10,"column":11}},"10":{"start":{"line":11,"column":0},"end":{"line":11,"column":7}},"11":{"start":{"line":12,"column":0},"end":{"line":12,"column":67}},"12":{"start":{"line":13,"column":0},"end":{"line":13,"column":71}},"13":{"start":{"line":14,"column":0},"end":{"line":14,"column":17}},"15":{"start":{"line":16,"column":0},"end":{"line":16,"column":23}},"16":{"start":{"line":17,"column":0},"end":{"line":17,"column":86}},"17":{"start":{"line":18,"column":0},"end":{"line":18,"column":34}},"18":{"start":{"line":19,"column":0},"end":{"line":19,"column":36}},"19":{"start":{"line":20,"column":0},"end":{"line":20,"column":40}},"20":{"start":{"line":21,"column":0},"end":{"line":21,"column":33}},"21":{"start":{"line":22,"column":0},"end":{"line":22,"column":36}},"22":{"start":{"line":23,"column":0},"end":{"line":23,"column":16}},"23":{"start":{"line":24,"column":0},"end":{"line":24,"column":14}},"25":{"start":{"line":26,"column":0},"end":{"line":26,"column":8}},"27":{"start":{"line":28,"column":0},"end":{"line":28,"column":1}}},"s":{"0":1,"1":1,"2":1,"3":1,"4":1,"6":3,"7":3,"9":3,"10":3,"11":3,"12":3,"13":3,"15":3,"16":1,"17":0,"18":0,"19":1,"20":0,"21":0,"22":0,"23":1,"25":3,"27":3},"branchMap":{"0":{"type":"branch","line":7,"loc":{"start":{"line":7,"column":0},"end":{"line":28,"column":1}},"locations":[{"start":{"line":7,"column":0},"end":{"line":28,"column":1}}]},"1":{"type":"branch","line":16,"loc":{"start":{"line":16,"column":9},"end":{"line":24,"column":14}},"locations":[{"start":{"line":16,"column":9},"end":{"line":24,"column":14}}]},"2":{"type":"branch","line":12,"loc":{"start":{"line":12,"column":41},"end":{"line":12,"column":67}},"locations":[{"start":{"line":12,"column":41},"end":{"line":12,"column":67}}]}},"b":{"0":[3],"1":[1],"2":[1]},"fnMap":{"0":{"name":"AddButton","decl":{"start":{"line":7,"column":0},"end":{"line":28,"column":1}},"loc":{"start":{"line":7,"column":0},"end":{"line":28,"column":1}},"line":7},"1":{"name":"onClick","decl":{"start":{"line":12,"column":41},"end":{"line":12,"column":67}},"loc":{"start":{"line":12,"column":41},"end":{"line":12,"column":67}},"line":12},"2":{"name":"onClose","decl":{"start":{"line":17,"column":35},"end":{"line":17,"column":62}},"loc":{"start":{"line":17,"column":35},"end":{"line":17,"column":62}},"line":17},"3":{"name":"onGoToTreatment","decl":{"start":{"line":17,"column":79},"end":{"line":20,"column":17}},"loc":{"start":{"line":17,"column":79},"end":{"line":20,"column":17}},"line":17},"4":{"name":"onGoToReminder","decl":{"start":{"line":20,"column":33},"end":{"line":23,"column":16}},"loc":{"start":{"line":20,"column":33},"end":{"line":23,"column":16}},"line":20}},"f":{"0":3,"1":1,"2":0,"3":0,"4":0}}
,"/Users/Paula/Desktop/Hackathon/take-medicine_front/src/components/addReminderModal/AddReminderModal.jsx": {"path":"/Users/Paula/Desktop/Hackathon/take-medicine_front/src/components/addReminderModal/AddReminderModal.jsx","all":false,"statementMap":{"0":{"start":{"line":1,"column":0},"end":{"line":1,"column":51}},"1":{"start":{"line":2,"column":0},"end":{"line":2,"column":32}},"2":{"start":{"line":3,"column":0},"end":{"line":3,"column":38}},"4":{"start":{"line":5,"column":0},"end":{"line":5,"column":27}},"5":{"start":{"line":6,"column":0},"end":{"line":6,"column":11}},"6":{"start":{"line":7,"column":0},"end":{"line":7,"column":12}},"7":{"start":{"line":8,"column":0},"end":{"line":8,"column":11}},"8":{"start":{"line":9,"column":0},"end":{"line":9,"column":27}},"9":{"start":{"line":10,"column":0},"end":{"line":10,"column":31}},"10":{"start":{"line":11,"column":0},"end":{"line":11,"column":7}},"11":{"start":{"line":12,"column":0},"end":{"line":12,"column":46}},"12":{"start":{"line":13,"column":0},"end":{"line":13,"column":23}},"13":{"start":{"line":14,"column":0},"end":{"line":14,"column":17}},"14":{"start":{"line":15,"column":0},"end":{"line":15,"column":27}},"15":{"start":{"line":16,"column":0},"end":{"line":16,"column":25}},"16":{"start":{"line":17,"column":0},"end":{"line":17,"column":18}},"17":{"start":{"line":18,"column":0},"end":{"line":18,"column":22}},"18":{"start":{"line":19,"column":0},"end":{"line":19,"column":30}},"19":{"start":{"line":20,"column":0},"end":{"line":20,"column":37}},"20":{"start":{"line":21,"column":0},"end":{"line":21,"column":7}},"22":{"start":{"line":23,"column":0},"end":{"line":23,"column":45}},"23":{"start":{"line":24,"column":0},"end":{"line":24,"column":50}},"24":{"start":{"line":25,"column":0},"end":{"line":25,"column":70}},"27":{"start":{"line":28,"column":0},"end":{"line":28,"column":65}},"28":{"start":{"line":29,"column":0},"end":{"line":29,"column":31}},"29":{"start":{"line":30,"column":0},"end":{"line":30,"column":29}},"31":{"start":{"line":32,"column":0},"end":{"line":32,"column":30}},"32":{"start":{"line":33,"column":0},"end":{"line":33,"column":43}},"33":{"start":{"line":34,"column":0},"end":{"line":34,"column":55}},"34":{"start":{"line":35,"column":0},"end":{"line":35,"column":53}},"35":{"start":{"line":36,"column":0},"end":{"line":36,"column":53}},"36":{"start":{"line":37,"column":0},"end":{"line":37,"column":53}},"37":{"start":{"line":38,"column":0},"end":{"line":38,"column":44}},"38":{"start":{"line":39,"column":0},"end":{"line":39,"column":6}},"41":{"start":{"line":42,"column":0},"end":{"line":42,"column":21}},"42":{"start":{"line":43,"column":0},"end":{"line":43,"column":30}},"43":{"start":{"line":44,"column":0},"end":{"line":44,"column":25}},"44":{"start":{"line":45,"column":0},"end":{"line":45,"column":61}},"45":{"start":{"line":46,"column":0},"end":{"line":46,"column":49}},"46":{"start":{"line":47,"column":0},"end":{"line":47,"column":64}},"47":{"start":{"line":48,"column":0},"end":{"line":48,"column":58}},"48":{"start":{"line":49,"column":0},"end":{"line":49,"column":51}},"49":{"start":{"line":50,"column":0},"end":{"line":50,"column":59}},"50":{"start":{"line":51,"column":0},"end":{"line":51,"column":58}},"51":{"start":{"line":52,"column":0},"end":{"line":52,"column":66}},"52":{"start":{"line":53,"column":0},"end":{"line":53,"column":15}},"53":{"start":{"line":54,"column":0},"end":{"line":54,"column":16}},"55":{"start":{"line":56,"column":0},"end":{"line":56,"column":25}},"56":{"start":{"line":57,"column":0},"end":{"line":57,"column":31}},"57":{"start":{"line":58,"column":0},"end":{"line":58,"column":25}},"58":{"start":{"line":59,"column":0},"end":{"line":59,"column":35}},"59":{"start":{"line":60,"column":0},"end":{"line":60,"column":33}},"60":{"start":{"line":61,"column":0},"end":{"line":61,"column":26}},"61":{"start":{"line":62,"column":0},"end":{"line":62,"column":83}},"62":{"start":{"line":63,"column":0},"end":{"line":63,"column":30}},"63":{"start":{"line":64,"column":0},"end":{"line":64,"column":34}},"64":{"start":{"line":65,"column":0},"end":{"line":65,"column":15}},"65":{"start":{"line":66,"column":0},"end":{"line":66,"column":9}},"66":{"start":{"line":67,"column":0},"end":{"line":67,"column":22}},"67":{"start":{"line":68,"column":0},"end":{"line":68,"column":34}},"70":{"start":{"line":71,"column":0},"end":{"line":71,"column":44}},"71":{"start":{"line":72,"column":0},"end":{"line":72,"column":30}},"72":{"start":{"line":73,"column":0},"end":{"line":73,"column":20}},"73":{"start":{"line":74,"column":0},"end":{"line":74,"column":26}},"74":{"start":{"line":75,"column":0},"end":{"line":75,"column":12}},"77":{"start":{"line":78,"column":0},"end":{"line":78,"column":28}},"78":{"start":{"line":79,"column":0},"end":{"line":79,"column":32}},"79":{"start":{"line":80,"column":0},"end":{"line":80,"column":24}},"80":{"start":{"line":81,"column":0},"end":{"line":81,"column":29}},"81":{"start":{"line":82,"column":0},"end":{"line":82,"column":16}},"82":{"start":{"line":83,"column":0},"end":{"line":83,"column":9}},"83":{"start":{"line":84,"column":0},"end":{"line":84,"column":6}},"86":{"start":{"line":87,"column":0},"end":{"line":87,"column":54}},"87":{"start":{"line":88,"column":0},"end":{"line":88,"column":37}},"88":{"start":{"line":89,"column":0},"end":{"line":89,"column":39}},"89":{"start":{"line":90,"column":0},"end":{"line":90,"column":34}},"90":{"start":{"line":91,"column":0},"end":{"line":91,"column":24}},"91":{"start":{"line":92,"column":0},"end":{"line":92,"column":31}},"92":{"start":{"line":93,"column":0},"end":{"line":93,"column":24}},"93":{"start":{"line":94,"column":0},"end":{"line":94,"column":16}},"94":{"start":{"line":95,"column":0},"end":{"line":95,"column":34}},"95":{"start":{"line":96,"column":0},"end":{"line":96,"column":65}},"96":{"start":{"line":97,"column":0},"end":{"line":97,"column":57}},"97":{"start":{"line":98,"column":0},"end":{"line":98,"column":14}},"99":{"start":{"line":100,"column":0},"end":{"line":100,"column":37}},"100":{"start":{"line":101,"column":0},"end":{"line":101,"column":44}},"101":{"start":{"line":102,"column":0},"end":{"line":102,"column":38}},"102":{"start":{"line":103,"column":0},"end":{"line":103,"column":28}},"103":{"start":{"line":104,"column":0},"end":{"line":104,"column":56}},"104":{"start":{"line":105,"column":0},"end":{"line":105,"column":55}},"105":{"start":{"line":106,"column":0},"end":{"line":106,"column":20}},"106":{"start":{"line":107,"column":0},"end":{"line":107,"column":13}},"107":{"start":{"line":108,"column":0},"end":{"line":108,"column":16}},"108":{"start":{"line":109,"column":0},"end":{"line":109,"column":34}},"109":{"start":{"line":110,"column":0},"end":{"line":110,"column":24}},"110":{"start":{"line":111,"column":0},"end":{"line":111,"column":31}},"111":{"start":{"line":112,"column":0},"end":{"line":112,"column":24}},"112":{"start":{"line":113,"column":0},"end":{"line":113,"column":16}},"113":{"start":{"line":114,"column":0},"end":{"line":114,"column":9}},"114":{"start":{"line":115,"column":0},"end":{"line":115,"column":6}},"116":{"start":{"line":117,"column":0},"end":{"line":117,"column":53}},"117":{"start":{"line":118,"column":0},"end":{"line":118,"column":33}},"119":{"start":{"line":120,"column":0},"end":{"line":120,"column":31}},"120":{"start":{"line":121,"column":0},"end":{"line":121,"column":28}},"121":{"start":{"line":122,"column":0},"end":{"line":122,"column":46}},"122":{"start":{"line":123,"column":0},"end":{"line":123,"column":22}},"123":{"start":{"line":124,"column":0},"end":{"line":124,"column":27}},"124":{"start":{"line":125,"column":0},"end":{"line":125,"column":55}},"125":{"start":{"line":126,"column":0},"end":{"line":126,"column":22}},"126":{"start":{"line":127,"column":0},"end":{"line":127,"column":27}},"127":{"start":{"line":128,"column":0},"end":{"line":128,"column":64}},"128":{"start":{"line":129,"column":0},"end":{"line":129,"column":22}},"129":{"start":{"line":130,"column":0},"end":{"line":130,"column":27}},"130":{"start":{"line":131,"column":0},"end":{"line":131,"column":82}},"131":{"start":{"line":132,"column":0},"end":{"line":132,"column":22}},"132":{"start":{"line":133,"column":0},"end":{"line":133,"column":20}},"133":{"start":{"line":134,"column":0},"end":{"line":134,"column":37}},"134":{"start":{"line":135,"column":0},"end":{"line":135,"column":9}},"136":{"start":{"line":137,"column":0},"end":{"line":137,"column":30}},"137":{"start":{"line":138,"column":0},"end":{"line":138,"column":20}},"138":{"start":{"line":139,"column":0},"end":{"line":139,"column":36}},"139":{"start":{"line":140,"column":0},"end":{"line":140,"column":27}},"140":{"start":{"line":141,"column":0},"end":{"line":141,"column":12}},"141":{"start":{"line":142,"column":0},"end":{"line":142,"column":6}},"143":{"start":{"line":144,"column":0},"end":{"line":144,"column":27}},"144":{"start":{"line":145,"column":0},"end":{"line":145,"column":30}},"145":{"start":{"line":146,"column":0},"end":{"line":146,"column":20}},"146":{"start":{"line":147,"column":0},"end":{"line":147,"column":43}},"147":{"start":{"line":148,"column":0},"end":{"line":148,"column":12}},"148":{"start":{"line":149,"column":0},"end":{"line":149,"column":6}},"150":{"start":{"line":151,"column":0},"end":{"line":151,"column":35}},"151":{"start":{"line":152,"column":0},"end":{"line":152,"column":40}},"152":{"start":{"line":153,"column":0},"end":{"line":153,"column":34}},"153":{"start":{"line":154,"column":0},"end":{"line":154,"column":24}},"154":{"start":{"line":155,"column":0},"end":{"line":155,"column":63}},"155":{"start":{"line":156,"column":0},"end":{"line":156,"column":16}},"156":{"start":{"line":157,"column":0},"end":{"line":157,"column":9}},"157":{"start":{"line":158,"column":0},"end":{"line":158,"column":6}},"160":{"start":{"line":161,"column":0},"end":{"line":161,"column":44}},"161":{"start":{"line":162,"column":0},"end":{"line":162,"column":30}},"162":{"start":{"line":163,"column":0},"end":{"line":163,"column":20}},"163":{"start":{"line":164,"column":0},"end":{"line":164,"column":46}},"164":{"start":{"line":165,"column":0},"end":{"line":165,"column":44}},"165":{"start":{"line":166,"column":0},"end":{"line":166,"column":13}},"166":{"start":{"line":167,"column":0},"end":{"line":167,"column":12}},"167":{"start":{"line":168,"column":0},"end":{"line":168,"column":6}},"170":{"start":{"line":171,"column":0},"end":{"line":171,"column":32}},"171":{"start":{"line":172,"column":0},"end":{"line":172,"column":29}},"173":{"start":{"line":174,"column":0},"end":{"line":174,"column":42}},"174":{"start":{"line":175,"column":0},"end":{"line":175,"column":65}},"175":{"start":{"line":176,"column":0},"end":{"line":176,"column":9}},"177":{"start":{"line":178,"column":0},"end":{"line":178,"column":36}},"178":{"start":{"line":179,"column":0},"end":{"line":179,"column":48}},"179":{"start":{"line":180,"column":0},"end":{"line":180,"column":9}},"181":{"start":{"line":182,"column":0},"end":{"line":182,"column":34}},"182":{"start":{"line":183,"column":0},"end":{"line":183,"column":59}},"183":{"start":{"line":184,"column":0},"end":{"line":184,"column":9}},"185":{"start":{"line":186,"column":0},"end":{"line":186,"column":43}},"186":{"start":{"line":187,"column":0},"end":{"line":187,"column":57}},"187":{"start":{"line":188,"column":0},"end":{"line":188,"column":9}},"189":{"start":{"line":190,"column":0},"end":{"line":190,"column":29}},"190":{"start":{"line":191,"column":0},"end":{"line":191,"column":51}},"191":{"start":{"line":192,"column":0},"end":{"line":192,"column":6}},"194":{"start":{"line":195,"column":0},"end":{"line":195,"column":39}},"195":{"start":{"line":196,"column":0},"end":{"line":196,"column":27}},"197":{"start":{"line":198,"column":0},"end":{"line":198,"column":36}},"199":{"start":{"line":200,"column":0},"end":{"line":200,"column":25}},"201":{"start":{"line":202,"column":0},"end":{"line":202,"column":13}},"202":{"start":{"line":203,"column":0},"end":{"line":203,"column":34}},"203":{"start":{"line":204,"column":0},"end":{"line":204,"column":28}},"204":{"start":{"line":205,"column":0},"end":{"line":205,"column":70}},"205":{"start":{"line":206,"column":0},"end":{"line":206,"column":51}},"206":{"start":{"line":207,"column":0},"end":{"line":207,"column":14}},"208":{"start":{"line":209,"column":0},"end":{"line":209,"column":39}},"209":{"start":{"line":210,"column":0},"end":{"line":210,"column":22}},"210":{"start":{"line":211,"column":0},"end":{"line":211,"column":25}},"211":{"start":{"line":212,"column":0},"end":{"line":212,"column":59}},"212":{"start":{"line":213,"column":0},"end":{"line":213,"column":59}},"213":{"start":{"line":214,"column":0},"end":{"line":214,"column":19}},"214":{"start":{"line":215,"column":0},"end":{"line":215,"column":30}},"215":{"start":{"line":216,"column":0},"end":{"line":216,"column":9}},"216":{"start":{"line":217,"column":0},"end":{"line":217,"column":6}},"219":{"start":{"line":220,"column":0},"end":{"line":220,"column":39}},"220":{"start":{"line":221,"column":0},"end":{"line":221,"column":52}},"221":{"start":{"line":222,"column":0},"end":{"line":222,"column":6}},"224":{"start":{"line":225,"column":0},"end":{"line":225,"column":21}},"225":{"start":{"line":226,"column":0},"end":{"line":226,"column":37}},"226":{"start":{"line":227,"column":0},"end":{"line":227,"column":56}},"227":{"start":{"line":228,"column":0},"end":{"line":228,"column":10}},"229":{"start":{"line":230,"column":0},"end":{"line":230,"column":21}},"230":{"start":{"line":231,"column":0},"end":{"line":231,"column":63}},"231":{"start":{"line":232,"column":0},"end":{"line":232,"column":52}},"232":{"start":{"line":233,"column":0},"end":{"line":233,"column":9}},"234":{"start":{"line":235,"column":0},"end":{"line":235,"column":22}},"235":{"start":{"line":236,"column":0},"end":{"line":236,"column":66}},"236":{"start":{"line":237,"column":0},"end":{"line":237,"column":51}},"237":{"start":{"line":238,"column":0},"end":{"line":238,"column":10}},"238":{"start":{"line":239,"column":0},"end":{"line":239,"column":26}},"240":{"start":{"line":241,"column":0},"end":{"line":241,"column":29}},"242":{"start":{"line":243,"column":0},"end":{"line":243,"column":12}},"243":{"start":{"line":244,"column":0},"end":{"line":244,"column":68}},"244":{"start":{"line":245,"column":0},"end":{"line":245,"column":45}},"245":{"start":{"line":246,"column":0},"end":{"line":246,"column":46}},"246":{"start":{"line":247,"column":0},"end":{"line":247,"column":48}},"247":{"start":{"line":248,"column":0},"end":{"line":248,"column":76}},"248":{"start":{"line":249,"column":0},"end":{"line":249,"column":25}},"249":{"start":{"line":250,"column":0},"end":{"line":250,"column":27}},"250":{"start":{"line":251,"column":0},"end":{"line":251,"column":47}},"251":{"start":{"line":252,"column":0},"end":{"line":252,"column":41}},"252":{"start":{"line":253,"column":0},"end":{"line":253,"column":37}},"253":{"start":{"line":254,"column":0},"end":{"line":254,"column":21}},"255":{"start":{"line":256,"column":0},"end":{"line":256,"column":29}},"256":{"start":{"line":257,"column":0},"end":{"line":257,"column":22}},"258":{"start":{"line":259,"column":0},"end":{"line":259,"column":69}},"260":{"start":{"line":261,"column":0},"end":{"line":261,"column":48}},"261":{"start":{"line":262,"column":0},"end":{"line":262,"column":102}},"262":{"start":{"line":263,"column":0},"end":{"line":263,"column":47}},"263":{"start":{"line":264,"column":0},"end":{"line":264,"column":89}},"264":{"start":{"line":265,"column":0},"end":{"line":265,"column":62}},"265":{"start":{"line":266,"column":0},"end":{"line":266,"column":109}},"266":{"start":{"line":267,"column":0},"end":{"line":267,"column":84}},"268":{"start":{"line":269,"column":0},"end":{"line":269,"column":73}},"269":{"start":{"line":270,"column":0},"end":{"line":270,"column":69}},"270":{"start":{"line":271,"column":0},"end":{"line":271,"column":82}},"271":{"start":{"line":272,"column":0},"end":{"line":272,"column":73}},"272":{"start":{"line":273,"column":0},"end":{"line":273,"column":41}},"273":{"start":{"line":274,"column":0},"end":{"line":274,"column":31}},"274":{"start":{"line":275,"column":0},"end":{"line":275,"column":73}},"275":{"start":{"line":276,"column":0},"end":{"line":276,"column":33}},"276":{"start":{"line":277,"column":0},"end":{"line":277,"column":47}},"277":{"start":{"line":278,"column":0},"end":{"line":278,"column":81}},"279":{"start":{"line":280,"column":0},"end":{"line":280,"column":26}},"282":{"start":{"line":283,"column":0},"end":{"line":283,"column":43}},"283":{"start":{"line":284,"column":0},"end":{"line":284,"column":52}},"284":{"start":{"line":285,"column":0},"end":{"line":285,"column":94}},"285":{"start":{"line":286,"column":0},"end":{"line":286,"column":34}},"286":{"start":{"line":287,"column":0},"end":{"line":287,"column":43}},"287":{"start":{"line":288,"column":0},"end":{"line":288,"column":92}},"288":{"start":{"line":289,"column":0},"end":{"line":289,"column":59}},"289":{"start":{"line":290,"column":0},"end":{"line":290,"column":92}},"290":{"start":{"line":291,"column":0},"end":{"line":291,"column":75}},"291":{"start":{"line":292,"column":0},"end":{"line":292,"column":30}},"292":{"start":{"line":293,"column":0},"end":{"line":293,"column":30}},"296":{"start":{"line":297,"column":0},"end":{"line":297,"column":48}},"297":{"start":{"line":298,"column":0},"end":{"line":298,"column":90}},"298":{"start":{"line":299,"column":0},"end":{"line":299,"column":30}},"299":{"start":{"line":300,"column":0},"end":{"line":300,"column":37}},"300":{"start":{"line":301,"column":0},"end":{"line":301,"column":39}},"301":{"start":{"line":302,"column":0},"end":{"line":302,"column":82}},"302":{"start":{"line":303,"column":0},"end":{"line":303,"column":49}},"303":{"start":{"line":304,"column":0},"end":{"line":304,"column":82}},"304":{"start":{"line":305,"column":0},"end":{"line":305,"column":62}},"305":{"start":{"line":306,"column":0},"end":{"line":306,"column":26}},"306":{"start":{"line":307,"column":0},"end":{"line":307,"column":41}},"307":{"start":{"line":308,"column":0},"end":{"line":308,"column":75}},"309":{"start":{"line":310,"column":0},"end":{"line":310,"column":26}},"312":{"start":{"line":313,"column":0},"end":{"line":313,"column":48}},"313":{"start":{"line":314,"column":0},"end":{"line":314,"column":91}},"314":{"start":{"line":315,"column":0},"end":{"line":315,"column":74}},"315":{"start":{"line":316,"column":0},"end":{"line":316,"column":61}},"316":{"start":{"line":317,"column":0},"end":{"line":317,"column":39}},"317":{"start":{"line":318,"column":0},"end":{"line":318,"column":54}},"318":{"start":{"line":319,"column":0},"end":{"line":319,"column":49}},"319":{"start":{"line":320,"column":0},"end":{"line":320,"column":121}},"320":{"start":{"line":321,"column":0},"end":{"line":321,"column":87}},"322":{"start":{"line":323,"column":0},"end":{"line":323,"column":50}},"323":{"start":{"line":324,"column":0},"end":{"line":324,"column":41}},"324":{"start":{"line":325,"column":0},"end":{"line":325,"column":31}},"325":{"start":{"line":326,"column":0},"end":{"line":326,"column":30}},"326":{"start":{"line":327,"column":0},"end":{"line":327,"column":26}},"329":{"start":{"line":330,"column":0},"end":{"line":330,"column":48}},"330":{"start":{"line":331,"column":0},"end":{"line":331,"column":83}},"331":{"start":{"line":332,"column":0},"end":{"line":332,"column":53}},"332":{"start":{"line":333,"column":0},"end":{"line":333,"column":66}},"333":{"start":{"line":334,"column":0},"end":{"line":334,"column":71}},"334":{"start":{"line":335,"column":0},"end":{"line":335,"column":42}},"335":{"start":{"line":336,"column":0},"end":{"line":336,"column":50}},"336":{"start":{"line":337,"column":0},"end":{"line":337,"column":51}},"337":{"start":{"line":338,"column":0},"end":{"line":338,"column":73}},"338":{"start":{"line":339,"column":0},"end":{"line":339,"column":52}},"339":{"start":{"line":340,"column":0},"end":{"line":340,"column":91}},"340":{"start":{"line":341,"column":0},"end":{"line":341,"column":38}},"341":{"start":{"line":342,"column":0},"end":{"line":342,"column":67}},"342":{"start":{"line":343,"column":0},"end":{"line":343,"column":47}},"343":{"start":{"line":344,"column":0},"end":{"line":344,"column":57}},"344":{"start":{"line":345,"column":0},"end":{"line":345,"column":71}},"345":{"start":{"line":346,"column":0},"end":{"line":346,"column":77}},"346":{"start":{"line":347,"column":0},"end":{"line":347,"column":41}},"348":{"start":{"line":349,"column":0},"end":{"line":349,"column":49}},"350":{"start":{"line":351,"column":0},"end":{"line":351,"column":38}},"351":{"start":{"line":352,"column":0},"end":{"line":352,"column":31}},"353":{"start":{"line":354,"column":0},"end":{"line":354,"column":65}},"354":{"start":{"line":355,"column":0},"end":{"line":355,"column":39}},"355":{"start":{"line":356,"column":0},"end":{"line":356,"column":49}},"356":{"start":{"line":357,"column":0},"end":{"line":357,"column":60}},"357":{"start":{"line":358,"column":0},"end":{"line":358,"column":53}},"358":{"start":{"line":359,"column":0},"end":{"line":359,"column":33}},"360":{"start":{"line":361,"column":0},"end":{"line":361,"column":41}},"362":{"start":{"line":363,"column":0},"end":{"line":363,"column":30}},"363":{"start":{"line":364,"column":0},"end":{"line":364,"column":42}},"364":{"start":{"line":365,"column":0},"end":{"line":365,"column":76}},"366":{"start":{"line":367,"column":0},"end":{"line":367,"column":26}},"369":{"start":{"line":370,"column":0},"end":{"line":370,"column":46}},"370":{"start":{"line":371,"column":0},"end":{"line":371,"column":52}},"371":{"start":{"line":372,"column":0},"end":{"line":372,"column":106}},"372":{"start":{"line":373,"column":0},"end":{"line":373,"column":34}},"373":{"start":{"line":374,"column":0},"end":{"line":374,"column":47}},"374":{"start":{"line":375,"column":0},"end":{"line":375,"column":43}},"375":{"start":{"line":376,"column":0},"end":{"line":376,"column":91}},"376":{"start":{"line":377,"column":0},"end":{"line":377,"column":58}},"377":{"start":{"line":378,"column":0},"end":{"line":378,"column":91}},"378":{"start":{"line":379,"column":0},"end":{"line":379,"column":30}},"379":{"start":{"line":380,"column":0},"end":{"line":380,"column":50}},"380":{"start":{"line":381,"column":0},"end":{"line":381,"column":84}},"382":{"start":{"line":383,"column":0},"end":{"line":383,"column":30}},"384":{"start":{"line":385,"column":0},"end":{"line":385,"column":53}},"385":{"start":{"line":386,"column":0},"end":{"line":386,"column":101}},"386":{"start":{"line":387,"column":0},"end":{"line":387,"column":34}},"387":{"start":{"line":388,"column":0},"end":{"line":388,"column":45}},"388":{"start":{"line":389,"column":0},"end":{"line":389,"column":45}},"389":{"start":{"line":390,"column":0},"end":{"line":390,"column":54}},"390":{"start":{"line":391,"column":0},"end":{"line":391,"column":57}},"391":{"start":{"line":392,"column":0},"end":{"line":392,"column":90}},"392":{"start":{"line":393,"column":0},"end":{"line":393,"column":39}},"393":{"start":{"line":394,"column":0},"end":{"line":394,"column":47}},"394":{"start":{"line":395,"column":0},"end":{"line":395,"column":30}},"395":{"start":{"line":396,"column":0},"end":{"line":396,"column":30}},"396":{"start":{"line":397,"column":0},"end":{"line":397,"column":26}},"399":{"start":{"line":400,"column":0},"end":{"line":400,"column":48}},"400":{"start":{"line":401,"column":0},"end":{"line":401,"column":75}},"401":{"start":{"line":402,"column":0},"end":{"line":402,"column":31}},"402":{"start":{"line":403,"column":0},"end":{"line":403,"column":51}},"403":{"start":{"line":404,"column":0},"end":{"line":404,"column":57}},"404":{"start":{"line":405,"column":0},"end":{"line":405,"column":90}},"406":{"start":{"line":407,"column":0},"end":{"line":407,"column":72}},"407":{"start":{"line":408,"column":0},"end":{"line":408,"column":71}},"408":{"start":{"line":409,"column":0},"end":{"line":409,"column":73}},"409":{"start":{"line":410,"column":0},"end":{"line":410,"column":73}},"410":{"start":{"line":411,"column":0},"end":{"line":411,"column":69}},"411":{"start":{"line":412,"column":0},"end":{"line":412,"column":33}},"412":{"start":{"line":413,"column":0},"end":{"line":413,"column":26}},"415":{"start":{"line":416,"column":0},"end":{"line":416,"column":48}},"416":{"start":{"line":417,"column":0},"end":{"line":417,"column":78}},"417":{"start":{"line":418,"column":0},"end":{"line":418,"column":33}},"418":{"start":{"line":419,"column":0},"end":{"line":419,"column":53}},"419":{"start":{"line":420,"column":0},"end":{"line":420,"column":50}},"420":{"start":{"line":421,"column":0},"end":{"line":421,"column":83}},"421":{"start":{"line":422,"column":0},"end":{"line":422,"column":86}},"422":{"start":{"line":423,"column":0},"end":{"line":423,"column":36}},"423":{"start":{"line":424,"column":0},"end":{"line":424,"column":26}},"424":{"start":{"line":425,"column":0},"end":{"line":425,"column":26}},"427":{"start":{"line":428,"column":0},"end":{"line":428,"column":39}},"428":{"start":{"line":429,"column":0},"end":{"line":429,"column":73}},"432":{"start":{"line":433,"column":0},"end":{"line":433,"column":51}},"433":{"start":{"line":434,"column":0},"end":{"line":434,"column":31}},"434":{"start":{"line":435,"column":0},"end":{"line":435,"column":48}},"435":{"start":{"line":436,"column":0},"end":{"line":436,"column":45}},"436":{"start":{"line":437,"column":0},"end":{"line":437,"column":46}},"437":{"start":{"line":438,"column":0},"end":{"line":438,"column":25}},"439":{"start":{"line":440,"column":0},"end":{"line":440,"column":33}},"441":{"start":{"line":442,"column":0},"end":{"line":442,"column":31}},"442":{"start":{"line":443,"column":0},"end":{"line":443,"column":45}},"443":{"start":{"line":444,"column":0},"end":{"line":444,"column":41}},"444":{"start":{"line":445,"column":0},"end":{"line":445,"column":46}},"446":{"start":{"line":447,"column":0},"end":{"line":447,"column":98}},"447":{"start":{"line":448,"column":0},"end":{"line":448,"column":33}},"448":{"start":{"line":449,"column":0},"end":{"line":449,"column":26}},"449":{"start":{"line":450,"column":0},"end":{"line":450,"column":23}},"450":{"start":{"line":451,"column":0},"end":{"line":451,"column":18}},"451":{"start":{"line":452,"column":0},"end":{"line":452,"column":14}},"453":{"start":{"line":454,"column":0},"end":{"line":454,"column":2}},"455":{"start":{"line":456,"column":0},"end":{"line":456,"column":32}}},"s":{"0":1,"1":1,"2":1,"4":1,"5":12,"6":12,"7":12,"8":12,"9":12,"10":12,"11":12,"12":12,"13":12,"14":12,"15":12,"16":12,"17":12,"18":12,"19":12,"20":12,"22":12,"23":12,"24":12,"27":12,"28":12,"29":0,"31":12,"32":12,"33":12,"34":12,"35":12,"36":12,"37":12,"38":12,"41":12,"42":4,"43":0,"44":0,"45":0,"46":0,"47":0,"48":0,"49":0,"50":0,"51":0,"52":0,"53":4,"55":4,"56":4,"57":4,"58":4,"59":4,"60":4,"61":4,"62":4,"63":4,"64":4,"65":4,"66":4,"67":12,"70":12,"71":1,"72":1,"73":1,"74":1,"77":1,"78":0,"79":0,"80":0,"81":0,"82":0,"83":1,"86":12,"87":1,"88":0,"89":0,"90":0,"91":0,"92":0,"93":0,"94":1,"95":1,"96":1,"97":1,"99":1,"100":1,"101":1,"102":1,"103":1,"104":1,"105":1,"106":1,"107":1,"108":0,"109":0,"110":0,"111":0,"112":0,"113":0,"114":1,"116":12,"117":0,"119":0,"120":0,"121":0,"122":0,"123":0,"124":0,"125":0,"126":0,"127":0,"128":0,"129":0,"130":0,"131":0,"132":0,"133":0,"134":0,"136":0,"137":0,"138":0,"139":0,"140":0,"141":0,"143":12,"144":0,"145":0,"146":0,"147":0,"148":0,"150":12,"151":0,"152":0,"153":0,"154":0,"155":0,"156":0,"157":0,"160":12,"161":0,"162":0,"163":0,"164":0,"165":0,"166":0,"167":0,"170":12,"171":2,"173":2,"174":1,"175":1,"177":2,"178":1,"179":1,"181":2,"182":0,"183":0,"185":2,"186":0,"187":0,"189":2,"190":2,"191":2,"194":12,"195":2,"197":2,"199":1,"201":1,"202":1,"203":1,"204":2,"205":2,"206":2,"208":2,"209":1,"210":2,"211":0,"212":0,"213":2,"214":1,"215":1,"216":2,"219":12,"220":2,"221":2,"224":12,"225":4,"226":0,"227":0,"229":4,"230":3,"231":3,"232":3,"234":4,"235":4,"236":4,"237":4,"238":12,"240":12,"242":10,"243":10,"244":10,"245":10,"246":10,"247":12,"248":12,"249":12,"250":12,"251":12,"252":12,"253":12,"255":12,"256":12,"258":12,"260":12,"261":12,"262":12,"263":12,"264":12,"265":10,"266":12,"268":12,"269":12,"270":20,"271":20,"272":20,"273":12,"274":12,"275":12,"276":12,"277":1,"279":12,"282":12,"283":0,"284":0,"285":0,"286":0,"287":0,"288":0,"289":0,"290":0,"291":0,"292":0,"296":12,"297":12,"298":12,"299":12,"300":12,"301":12,"302":12,"303":12,"304":12,"305":12,"306":12,"307":1,"309":12,"312":12,"313":12,"314":12,"315":12,"316":60,"317":60,"318":60,"319":60,"320":60,"322":60,"323":60,"324":12,"325":12,"326":12,"329":12,"330":12,"331":12,"332":12,"333":10,"334":10,"335":10,"336":10,"337":10,"338":10,"339":10,"340":10,"341":10,"342":0,"343":0,"344":0,"345":0,"346":0,"348":0,"350":10,"351":12,"353":12,"354":0,"355":0,"356":0,"357":0,"358":0,"360":0,"362":12,"363":12,"364":0,"366":12,"369":12,"370":12,"371":12,"372":12,"373":12,"374":12,"375":12,"376":12,"377":12,"378":12,"379":12,"380":0,"382":12,"384":12,"385":12,"386":12,"387":12,"388":12,"389":12,"390":12,"391":12,"392":12,"393":12,"394":12,"395":12,"396":12,"399":12,"400":12,"401":12,"402":12,"403":12,"404":12,"406":12,"407":12,"408":12,"409":12,"410":12,"411":12,"412":12,"415":12,"416":12,"417":12,"418":12,"419":12,"420":12,"421":12,"422":12,"423":12,"424":12,"427":12,"428":0,"432":12,"433":12,"434":12,"435":12,"436":12,"437":12,"439":12,"441":12,"442":12,"443":12,"444":12,"446":12,"447":12,"448":12,"449":12,"450":12,"451":12,"453":12,"455":1},"branchMap":{"0":{"type":"branch","line":5,"loc":{"start":{"line":5,"column":25},"end":{"line":454,"column":2}},"locations":[{"start":{"line":5,"column":25},"end":{"line":454,"column":2}}]},"1":{"type":"branch","line":29,"loc":{"start":{"line":29,"column":10},"end":{"line":30,"column":29}},"locations":[{"start":{"line":29,"column":10},"end":{"line":30,"column":29}}]},"2":{"type":"branch","line":241,"loc":{"start":{"line":241,"column":17},"end":{"line":241,"column":29}},"locations":[{"start":{"line":241,"column":17},"end":{"line":241,"column":29}}]},"3":{"type":"branch","line":241,"loc":{"start":{"line":241,"column":24},"end":{"line":248,"column":43}},"locations":[{"start":{"line":241,"column":24},"end":{"line":248,"column":43}}]},"4":{"type":"branch","line":248,"loc":{"start":{"line":248,"column":25},"end":{"line":248,"column":61}},"locations":[{"start":{"line":248,"column":25},"end":{"line":248,"column":61}}]},"5":{"type":"branch","line":248,"loc":{"start":{"line":248,"column":43},"end":{"line":248,"column":76}},"locations":[{"start":{"line":248,"column":43},"end":{"line":248,"column":76}}]},"6":{"type":"branch","line":264,"loc":{"start":{"line":264,"column":61},"end":{"line":264,"column":84}},"locations":[{"start":{"line":264,"column":61},"end":{"line":264,"column":84}}]},"7":{"type":"branch","line":264,"loc":{"start":{"line":264,"column":74},"end":{"line":264,"column":86}},"locations":[{"start":{"line":264,"column":74},"end":{"line":264,"column":86}}]},"8":{"type":"branch","line":265,"loc":{"start":{"line":265,"column":35},"end":{"line":265,"column":62}},"locations":[{"start":{"line":265,"column":35},"end":{"line":265,"column":62}}]},"9":{"type":"branch","line":265,"loc":{"start":{"line":265,"column":55},"end":{"line":266,"column":109}},"locations":[{"start":{"line":265,"column":55},"end":{"line":266,"column":109}}]},"10":{"type":"branch","line":266,"loc":{"start":{"line":266,"column":97},"end":{"line":266,"column":106}},"locations":[{"start":{"line":266,"column":97},"end":{"line":266,"column":106}}]},"11":{"type":"branch","line":266,"loc":{"start":{"line":266,"column":100},"end":{"line":266,"column":109}},"locations":[{"start":{"line":266,"column":100},"end":{"line":266,"column":109}}]},"12":{"type":"branch","line":277,"loc":{"start":{"line":277,"column":32},"end":{"line":278,"column":81}},"locations":[{"start":{"line":277,"column":32},"end":{"line":278,"column":81}}]},"13":{"type":"branch","line":283,"loc":{"start":{"line":283,"column":21},"end":{"line":293,"column":30}},"locations":[{"start":{"line":283,"column":21},"end":{"line":293,"column":30}}]},"14":{"type":"branch","line":302,"loc":{"start":{"line":302,"column":60},"end":{"line":302,"column":77}},"locations":[{"start":{"line":302,"column":60},"end":{"line":302,"column":77}}]},"15":{"type":"branch","line":302,"loc":{"start":{"line":302,"column":67},"end":{"line":302,"column":79}},"locations":[{"start":{"line":302,"column":67},"end":{"line":302,"column":79}}]},"16":{"type":"branch","line":307,"loc":{"start":{"line":307,"column":32},"end":{"line":308,"column":75}},"locations":[{"start":{"line":307,"column":32},"end":{"line":308,"column":75}}]},"17":{"type":"branch","line":354,"loc":{"start":{"line":354,"column":52},"end":{"line":361,"column":41}},"locations":[{"start":{"line":354,"column":52},"end":{"line":361,"column":41}}]},"18":{"type":"branch","line":364,"loc":{"start":{"line":364,"column":32},"end":{"line":365,"column":76}},"locations":[{"start":{"line":364,"column":32},"end":{"line":365,"column":76}}]},"19":{"type":"branch","line":376,"loc":{"start":{"line":376,"column":64},"end":{"line":376,"column":86}},"locations":[{"start":{"line":376,"column":64},"end":{"line":376,"column":86}}]},"20":{"type":"branch","line":376,"loc":{"start":{"line":376,"column":76},"end":{"line":376,"column":88}},"locations":[{"start":{"line":376,"column":76},"end":{"line":376,"column":88}}]},"21":{"type":"branch","line":380,"loc":{"start":{"line":380,"column":36},"end":{"line":381,"column":84}},"locations":[{"start":{"line":380,"column":36},"end":{"line":381,"column":84}}]},"22":{"type":"branch","line":428,"loc":{"start":{"line":428,"column":28},"end":{"line":429,"column":73}},"locations":[{"start":{"line":428,"column":28},"end":{"line":429,"column":73}}]},"23":{"type":"branch","line":447,"loc":{"start":{"line":447,"column":29},"end":{"line":447,"column":53}},"locations":[{"start":{"line":447,"column":29},"end":{"line":447,"column":53}}]},"24":{"type":"branch","line":447,"loc":{"start":{"line":447,"column":39},"end":{"line":447,"column":89}},"locations":[{"start":{"line":447,"column":39},"end":{"line":447,"column":89}}]},"25":{"type":"branch","line":447,"loc":{"start":{"line":447,"column":53},"end":{"line":447,"column":82}},"locations":[{"start":{"line":447,"column":53},"end":{"line":447,"column":82}}]},"26":{"type":"branch","line":42,"loc":{"start":{"line":42,"column":14},"end":{"line":68,"column":7}},"locations":[{"start":{"line":42,"column":14},"end":{"line":68,"column":7}}]},"27":{"type":"branch","line":43,"loc":{"start":{"line":43,"column":29},"end":{"line":54,"column":15}},"locations":[{"start":{"line":43,"column":29},"end":{"line":54,"column":15}}]},"28":{"type":"branch","line":71,"loc":{"start":{"line":71,"column":25},"end":{"line":84,"column":6}},"locations":[{"start":{"line":71,"column":25},"end":{"line":84,"column":6}}]},"29":{"type":"branch","line":78,"loc":{"start":{"line":78,"column":27},"end":{"line":83,"column":9}},"locations":[{"start":{"line":78,"column":27},"end":{"line":83,"column":9}}]},"30":{"type":"branch","line":72,"loc":{"start":{"line":72,"column":20},"end":{"line":75,"column":10}},"locations":[{"start":{"line":72,"column":20},"end":{"line":75,"column":10}}]},"31":{"type":"branch","line":87,"loc":{"start":{"line":87,"column":35},"end":{"line":115,"column":6}},"locations":[{"start":{"line":87,"column":35},"end":{"line":115,"column":6}}]},"32":{"type":"branch","line":88,"loc":{"start":{"line":88,"column":36},"end":{"line":95,"column":19}},"locations":[{"start":{"line":88,"column":36},"end":{"line":95,"column":19}}]},"33":{"type":"branch","line":108,"loc":{"start":{"line":108,"column":8},"end":{"line":114,"column":9}},"locations":[{"start":{"line":108,"column":8},"end":{"line":114,"column":9}}]},"34":{"type":"branch","line":97,"loc":{"start":{"line":97,"column":16},"end":{"line":97,"column":57}},"locations":[{"start":{"line":97,"column":16},"end":{"line":97,"column":57}}]},"35":{"type":"branch","line":102,"loc":{"start":{"line":102,"column":28},"end":{"line":106,"column":18}},"locations":[{"start":{"line":102,"column":28},"end":{"line":106,"column":18}}]},"36":{"type":"branch","line":105,"loc":{"start":{"line":105,"column":45},"end":{"line":105,"column":55}},"locations":[{"start":{"line":105,"column":45},"end":{"line":105,"column":55}}]},"37":{"type":"branch","line":171,"loc":{"start":{"line":171,"column":25},"end":{"line":192,"column":6}},"locations":[{"start":{"line":171,"column":25},"end":{"line":192,"column":6}}]},"38":{"type":"branch","line":174,"loc":{"start":{"line":174,"column":41},"end":{"line":176,"column":9}},"locations":[{"start":{"line":174,"column":41},"end":{"line":176,"column":9}}]},"39":{"type":"branch","line":178,"loc":{"start":{"line":178,"column":35},"end":{"line":180,"column":9}},"locations":[{"start":{"line":178,"column":35},"end":{"line":180,"column":9}}]},"40":{"type":"branch","line":182,"loc":{"start":{"line":182,"column":33},"end":{"line":184,"column":9}},"locations":[{"start":{"line":182,"column":33},"end":{"line":184,"column":9}}]},"41":{"type":"branch","line":186,"loc":{"start":{"line":186,"column":42},"end":{"line":188,"column":9}},"locations":[{"start":{"line":186,"column":42},"end":{"line":188,"column":9}}]},"42":{"type":"branch","line":186,"loc":{"start":{"line":186,"column":32},"end":{"line":186,"column":39}},"locations":[{"start":{"line":186,"column":32},"end":{"line":186,"column":39}}]},"43":{"type":"branch","line":195,"loc":{"start":{"line":195,"column":25},"end":{"line":217,"column":6}},"locations":[{"start":{"line":195,"column":25},"end":{"line":217,"column":6}}]},"44":{"type":"branch","line":198,"loc":{"start":{"line":198,"column":29},"end":{"line":205,"column":38}},"locations":[{"start":{"line":198,"column":29},"end":{"line":205,"column":38}}]},"45":{"type":"branch","line":205,"loc":{"start":{"line":205,"column":20},"end":{"line":205,"column":59}},"locations":[{"start":{"line":205,"column":20},"end":{"line":205,"column":59}}]},"46":{"type":"branch","line":205,"loc":{"start":{"line":205,"column":54},"end":{"line":205,"column":70}},"locations":[{"start":{"line":205,"column":54},"end":{"line":205,"column":70}}]},"47":{"type":"branch","line":209,"loc":{"start":{"line":209,"column":37},"end":{"line":211,"column":17}},"locations":[{"start":{"line":209,"column":37},"end":{"line":211,"column":17}}]},"48":{"type":"branch","line":211,"loc":{"start":{"line":211,"column":8},"end":{"line":214,"column":10}},"locations":[{"start":{"line":211,"column":8},"end":{"line":214,"column":10}}]},"49":{"type":"branch","line":214,"loc":{"start":{"line":214,"column":8},"end":{"line":216,"column":9}},"locations":[{"start":{"line":214,"column":8},"end":{"line":216,"column":9}}]},"50":{"type":"branch","line":220,"loc":{"start":{"line":220,"column":31},"end":{"line":222,"column":6}},"locations":[{"start":{"line":220,"column":31},"end":{"line":222,"column":6}}]},"51":{"type":"branch","line":221,"loc":{"start":{"line":221,"column":42},"end":{"line":221,"column":52}},"locations":[{"start":{"line":221,"column":42},"end":{"line":221,"column":52}}]},"52":{"type":"branch","line":225,"loc":{"start":{"line":225,"column":14},"end":{"line":239,"column":7}},"locations":[{"start":{"line":225,"column":14},"end":{"line":239,"column":7}}]},"53":{"type":"branch","line":230,"loc":{"start":{"line":230,"column":20},"end":{"line":233,"column":9}},"locations":[{"start":{"line":230,"column":20},"end":{"line":233,"column":9}}]},"54":{"type":"branch","line":235,"loc":{"start":{"line":235,"column":15},"end":{"line":238,"column":10}},"locations":[{"start":{"line":235,"column":15},"end":{"line":238,"column":10}}]},"55":{"type":"branch","line":266,"loc":{"start":{"line":266,"column":58},"end":{"line":266,"column":97}},"locations":[{"start":{"line":266,"column":58},"end":{"line":266,"column":97}}]},"56":{"type":"branch","line":267,"loc":{"start":{"line":267,"column":38},"end":{"line":267,"column":84}},"locations":[{"start":{"line":267,"column":38},"end":{"line":267,"column":84}}]},"57":{"type":"branch","line":270,"loc":{"start":{"line":270,"column":54},"end":{"line":273,"column":41}},"locations":[{"start":{"line":270,"column":54},"end":{"line":273,"column":41}}]},"58":{"type":"branch","line":304,"loc":{"start":{"line":304,"column":38},"end":{"line":304,"column":82}},"locations":[{"start":{"line":304,"column":38},"end":{"line":304,"column":82}}]},"59":{"type":"branch","line":316,"loc":{"start":{"line":316,"column":50},"end":{"line":324,"column":41}},"locations":[{"start":{"line":316,"column":50},"end":{"line":324,"column":41}}]},"60":{"type":"branch","line":320,"loc":{"start":{"line":320,"column":97},"end":{"line":320,"column":116}},"locations":[{"start":{"line":320,"column":97},"end":{"line":320,"column":116}}]},"61":{"type":"branch","line":320,"loc":{"start":{"line":320,"column":105},"end":{"line":320,"column":118}},"locations":[{"start":{"line":320,"column":105},"end":{"line":320,"column":118}}]},"62":{"type":"branch","line":333,"loc":{"start":{"line":333,"column":48},"end":{"line":351,"column":38}},"locations":[{"start":{"line":333,"column":48},"end":{"line":351,"column":38}}]},"63":{"type":"branch","line":342,"loc":{"start":{"line":342,"column":61},"end":{"line":349,"column":49}},"locations":[{"start":{"line":342,"column":61},"end":{"line":349,"column":49}}]}},"b":{"0":[12],"1":[0],"2":[2],"3":[10],"4":[0],"5":[10],"6":[1],"7":[9],"8":[0],"9":[10],"10":[3],"11":[7],"12":[1],"13":[0],"14":[1],"15":[9],"16":[1],"17":[0],"18":[0],"19":[0],"20":[10],"21":[0],"22":[0],"23":[1],"24":[9],"25":[0],"26":[4],"27":[0],"28":[1],"29":[0],"30":[1],"31":[1],"32":[0],"33":[0],"34":[1],"35":[1],"36":[0],"37":[2],"38":[1],"39":[1],"40":[0],"41":[0],"42":[2],"43":[2],"44":[1],"45":[0],"46":[1],"47":[1],"48":[0],"49":[1],"50":[2],"51":[0],"52":[4],"53":[3],"54":[4],"55":[17],"56":[1],"57":[20],"58":[1],"59":[60],"60":[10],"61":[50],"62":[10],"63":[0]},"fnMap":{"0":{"name":"ModalAddReminder","decl":{"start":{"line":5,"column":25},"end":{"line":454,"column":2}},"loc":{"start":{"line":5,"column":25},"end":{"line":454,"column":2}},"line":5},"1":{"name":"handleChange","decl":{"start":{"line":71,"column":25},"end":{"line":84,"column":6}},"loc":{"start":{"line":71,"column":25},"end":{"line":84,"column":6}},"line":71},"2":{"name":"handleMedicationChange","decl":{"start":{"line":87,"column":35},"end":{"line":115,"column":6}},"loc":{"start":{"line":87,"column":35},"end":{"line":115,"column":6}},"line":87},"3":{"name":"handleFrequencyChange","decl":{"start":{"line":117,"column":34},"end":{"line":142,"column":6}},"loc":{"start":{"line":117,"column":34},"end":{"line":142,"column":6}},"line":117},"4":{"name":"addTime","decl":{"start":{"line":144,"column":20},"end":{"line":149,"column":6}},"loc":{"start":{"line":144,"column":20},"end":{"line":149,"column":6}},"line":144},"5":{"name":"removeTime","decl":{"start":{"line":151,"column":23},"end":{"line":158,"column":6}},"loc":{"start":{"line":151,"column":23},"end":{"line":158,"column":6}},"line":151},"6":{"name":"updateTime","decl":{"start":{"line":161,"column":23},"end":{"line":168,"column":6}},"loc":{"start":{"line":161,"column":23},"end":{"line":168,"column":6}},"line":161},"7":{"name":"validateForm","decl":{"start":{"line":171,"column":25},"end":{"line":192,"column":6}},"loc":{"start":{"line":171,"column":25},"end":{"line":192,"column":6}},"line":171},"8":{"name":"handleSubmit","decl":{"start":{"line":195,"column":25},"end":{"line":217,"column":6}},"loc":{"start":{"line":195,"column":25},"end":{"line":217,"column":6}},"line":195},"9":{"name":"handleOverlayClick","decl":{"start":{"line":220,"column":31},"end":{"line":222,"column":6}},"loc":{"start":{"line":220,"column":31},"end":{"line":222,"column":6}},"line":220},"10":{"name":"handleEscape","decl":{"start":{"line":226,"column":29},"end":{"line":228,"column":10}},"loc":{"start":{"line":226,"column":29},"end":{"line":228,"column":10}},"line":226},"11":{"name":"onChange","decl":{"start":{"line":267,"column":38},"end":{"line":267,"column":84}},"loc":{"start":{"line":267,"column":38},"end":{"line":267,"column":84}},"line":267},"12":{"name":"onChange","decl":{"start":{"line":290,"column":42},"end":{"line":290,"column":92}},"loc":{"start":{"line":290,"column":42},"end":{"line":290,"column":92}},"line":290},"13":{"name":"onChange","decl":{"start":{"line":304,"column":38},"end":{"line":304,"column":82}},"loc":{"start":{"line":304,"column":38},"end":{"line":304,"column":82}},"line":304},"14":{"name":"onClick","decl":{"start":{"line":321,"column":45},"end":{"line":321,"column":87}},"loc":{"start":{"line":321,"column":45},"end":{"line":321,"column":87}},"line":321},"15":{"name":"onChange","decl":{"start":{"line":340,"column":50},"end":{"line":340,"column":91}},"loc":{"start":{"line":340,"column":50},"end":{"line":340,"column":91}},"line":340},"16":{"name":"onClick","decl":{"start":{"line":346,"column":53},"end":{"line":346,"column":77}},"loc":{"start":{"line":346,"column":53},"end":{"line":346,"column":77}},"line":346},"17":{"name":"onChange","decl":{"start":{"line":378,"column":42},"end":{"line":378,"column":91}},"loc":{"start":{"line":378,"column":42},"end":{"line":378,"column":91}},"line":378},"18":{"name":"onChange","decl":{"start":{"line":392,"column":42},"end":{"line":392,"column":90}},"loc":{"start":{"line":392,"column":42},"end":{"line":392,"column":90}},"line":392},"19":{"name":"onChange","decl":{"start":{"line":405,"column":38},"end":{"line":405,"column":90}},"loc":{"start":{"line":405,"column":38},"end":{"line":405,"column":90}},"line":405},"20":{"name":"onChange","decl":{"start":{"line":421,"column":38},"end":{"line":421,"column":83}},"loc":{"start":{"line":421,"column":38},"end":{"line":421,"column":83}},"line":421}},"f":{"0":12,"1":1,"2":1,"3":0,"4":0,"5":0,"6":0,"7":2,"8":2,"9":2,"10":0,"11":1,"12":0,"13":1,"14":0,"15":0,"16":0,"17":0,"18":0,"19":0,"20":0}}
,"/Users/Paula/Desktop/Hackathon/take-medicine_front/src/components/button/Button.jsx": {"path":"/Users/Paula/Desktop/Hackathon/take-medicine_front/src/components/button/Button.jsx","all":false,"statementMap":{"0":{"start":{"line":1,"column":0},"end":{"line":1,"column":25}},"1":{"start":{"line":2,"column":0},"end":{"line":2,"column":22}},"3":{"start":{"line":4,"column":0},"end":{"line":4,"column":77}},"4":{"start":{"line":5,"column":0},"end":{"line":5,"column":11}},"5":{"start":{"line":6,"column":0},"end":{"line":6,"column":60}},"6":{"start":{"line":7,"column":0},"end":{"line":7,"column":22}},"7":{"start":{"line":8,"column":0},"end":{"line":8,"column":17}},"9":{"start":{"line":10,"column":0},"end":{"line":10,"column":1}}},"s":{"0":1,"1":1,"3":30,"4":30,"5":30,"6":30,"7":30,"9":30},"branchMap":{"0":{"type":"branch","line":4,"loc":{"start":{"line":4,"column":0},"end":{"line":10,"column":1}},"locations":[{"start":{"line":4,"column":0},"end":{"line":10,"column":1}}]}},"b":{"0":[30]},"fnMap":{"0":{"name":"Button","decl":{"start":{"line":4,"column":0},"end":{"line":10,"column":1}},"loc":{"start":{"line":4,"column":0},"end":{"line":10,"column":1}},"line":4}},"f":{"0":30}}
,"/Users/Paula/Desktop/Hackathon/take-medicine_front/src/components/calendar/Calendar.jsx": {"path":"/Users/Paula/Desktop/Hackathon/take-medicine_front/src/components/calendar/Calendar.jsx","all":true,"statementMap":{"0":{"start":{"line":1,"column":0},"end":{"line":1,"column":26}},"1":{"start":{"line":2,"column":0},"end":{"line":2,"column":24}},"2":{"start":{"line":3,"column":0},"end":{"line":3,"column":43}},"3":{"start":{"line":4,"column":0},"end":{"line":4,"column":42}},"6":{"start":{"line":7,"column":0},"end":{"line":7,"column":66}},"7":{"start":{"line":8,"column":0},"end":{"line":8,"column":46}},"8":{"start":{"line":9,"column":0},"end":{"line":9,"column":31}},"9":{"start":{"line":10,"column":0},"end":{"line":10,"column":60}},"10":{"start":{"line":11,"column":0},"end":{"line":11,"column":39}},"11":{"start":{"line":12,"column":0},"end":{"line":12,"column":40}},"12":{"start":{"line":13,"column":0},"end":{"line":13,"column":13}},"13":{"start":{"line":14,"column":0},"end":{"line":14,"column":9}},"14":{"start":{"line":15,"column":0},"end":{"line":15,"column":20}},"15":{"start":{"line":16,"column":0},"end":{"line":16,"column":6}},"17":{"start":{"line":18,"column":0},"end":{"line":18,"column":12}},"18":{"start":{"line":19,"column":0},"end":{"line":19,"column":39}},"19":{"start":{"line":20,"column":0},"end":{"line":20,"column":26}},"20":{"start":{"line":21,"column":0},"end":{"line":21,"column":37}},"21":{"start":{"line":22,"column":0},"end":{"line":22,"column":32}},"22":{"start":{"line":23,"column":0},"end":{"line":23,"column":41}},"23":{"start":{"line":24,"column":0},"end":{"line":24,"column":14}},"24":{"start":{"line":25,"column":0},"end":{"line":25,"column":14}},"26":{"start":{"line":27,"column":0},"end":{"line":27,"column":2}},"28":{"start":{"line":29,"column":0},"end":{"line":29,"column":24}}},"s":{"0":0,"1":0,"2":0,"3":0,"6":0,"7":0,"8":0,"9":0,"10":0,"11":0,"12":0,"13":0,"14":0,"15":0,"17":0,"18":0,"19":0,"20":0,"21":0,"22":0,"23":0,"24":0,"26":0,"28":0},"branchMap":{"0":{"type":"branch","line":1,"loc":{"start":{"line":1,"column":740},"end":{"line":29,"column":24}},"locations":[{"start":{"line":1,"column":740},"end":{"line":29,"column":24}}]}},"b":{"0":[0]},"fnMap":{"0":{"name":"(empty-report)","decl":{"start":{"line":1,"column":740},"end":{"line":29,"column":24}},"loc":{"start":{"line":1,"column":740},"end":{"line":29,"column":24}},"line":1}},"f":{"0":0}}
,"/Users/Paula/Desktop/Hackathon/take-medicine_front/src/components/historyCard/HistoryCard.jsx": {"path":"/Users/Paula/Desktop/Hackathon/take-medicine_front/src/components/historyCard/HistoryCard.jsx","all":false,"statementMap":{"0":{"start":{"line":1,"column":0},"end":{"line":1,"column":26}},"1":{"start":{"line":2,"column":0},"end":{"line":2,"column":27}},"3":{"start":{"line":4,"column":0},"end":{"line":4,"column":33}},"4":{"start":{"line":5,"column":0},"end":{"line":5,"column":21}},"5":{"start":{"line":6,"column":0},"end":{"line":6,"column":22}},"6":{"start":{"line":7,"column":0},"end":{"line":7,"column":17}},"7":{"start":{"line":8,"column":0},"end":{"line":8,"column":18}},"8":{"start":{"line":9,"column":0},"end":{"line":9,"column":15}},"9":{"start":{"line":10,"column":0},"end":{"line":10,"column":19}},"10":{"start":{"line":11,"column":0},"end":{"line":11,"column":19}},"11":{"start":{"line":12,"column":0},"end":{"line":12,"column":7}},"13":{"start":{"line":14,"column":0},"end":{"line":14,"column":37}},"14":{"start":{"line":15,"column":0},"end":{"line":15,"column":32}},"15":{"start":{"line":16,"column":0},"end":{"line":16,"column":33}},"16":{"start":{"line":17,"column":0},"end":{"line":17,"column":46}},"17":{"start":{"line":18,"column":0},"end":{"line":18,"column":22}},"18":{"start":{"line":19,"column":0},"end":{"line":19,"column":22}},"19":{"start":{"line":20,"column":0},"end":{"line":20,"column":22}},"20":{"start":{"line":21,"column":0},"end":{"line":21,"column":7}},"21":{"start":{"line":22,"column":0},"end":{"line":22,"column":4}},"23":{"start":{"line":24,"column":0},"end":{"line":24,"column":40}},"24":{"start":{"line":25,"column":0},"end":{"line":25,"column":29}},"25":{"start":{"line":26,"column":0},"end":{"line":26,"column":38}},"26":{"start":{"line":27,"column":0},"end":{"line":27,"column":5}},"27":{"start":{"line":28,"column":0},"end":{"line":28,"column":4}},"29":{"start":{"line":30,"column":0},"end":{"line":30,"column":37}},"30":{"start":{"line":31,"column":0},"end":{"line":31,"column":40}},"32":{"start":{"line":33,"column":0},"end":{"line":33,"column":28}},"33":{"start":{"line":34,"column":0},"end":{"line":34,"column":28}},"34":{"start":{"line":35,"column":0},"end":{"line":35,"column":5}},"36":{"start":{"line":37,"column":0},"end":{"line":37,"column":29}},"37":{"start":{"line":38,"column":0},"end":{"line":38,"column":35}},"38":{"start":{"line":39,"column":0},"end":{"line":39,"column":5}},"40":{"start":{"line":41,"column":0},"end":{"line":41,"column":20}},"41":{"start":{"line":42,"column":0},"end":{"line":42,"column":33}},"42":{"start":{"line":43,"column":0},"end":{"line":43,"column":5}},"44":{"start":{"line":45,"column":0},"end":{"line":45,"column":19}},"45":{"start":{"line":46,"column":0},"end":{"line":46,"column":4}},"48":{"start":{"line":49,"column":0},"end":{"line":49,"column":16}},"49":{"start":{"line":50,"column":0},"end":{"line":50,"column":12}},"50":{"start":{"line":51,"column":0},"end":{"line":51,"column":45}},"51":{"start":{"line":52,"column":0},"end":{"line":52,"column":40}},"53":{"start":{"line":54,"column":0},"end":{"line":54,"column":13}},"54":{"start":{"line":55,"column":0},"end":{"line":55,"column":40}},"55":{"start":{"line":56,"column":0},"end":{"line":56,"column":36}},"56":{"start":{"line":57,"column":0},"end":{"line":57,"column":60}},"57":{"start":{"line":58,"column":0},"end":{"line":58,"column":57}},"58":{"start":{"line":59,"column":0},"end":{"line":59,"column":56}},"59":{"start":{"line":60,"column":0},"end":{"line":60,"column":69}},"60":{"start":{"line":61,"column":0},"end":{"line":61,"column":68}},"61":{"start":{"line":62,"column":0},"end":{"line":62,"column":22}},"62":{"start":{"line":63,"column":0},"end":{"line":63,"column":63}},"63":{"start":{"line":64,"column":0},"end":{"line":64,"column":20}},"64":{"start":{"line":65,"column":0},"end":{"line":65,"column":18}},"65":{"start":{"line":66,"column":0},"end":{"line":66,"column":13}},"66":{"start":{"line":67,"column":0},"end":{"line":67,"column":14}},"67":{"start":{"line":68,"column":0},"end":{"line":68,"column":12}},"69":{"start":{"line":70,"column":0},"end":{"line":70,"column":3}},"72":{"start":{"line":73,"column":0},"end":{"line":73,"column":14}},"73":{"start":{"line":74,"column":0},"end":{"line":74,"column":12}},"74":{"start":{"line":75,"column":0},"end":{"line":75,"column":45}},"75":{"start":{"line":76,"column":0},"end":{"line":76,"column":40}},"77":{"start":{"line":78,"column":0},"end":{"line":78,"column":13}},"78":{"start":{"line":79,"column":0},"end":{"line":79,"column":41}},"79":{"start":{"line":80,"column":0},"end":{"line":80,"column":51}},"80":{"start":{"line":81,"column":0},"end":{"line":81,"column":90}},"81":{"start":{"line":82,"column":0},"end":{"line":82,"column":280}},"82":{"start":{"line":83,"column":0},"end":{"line":83,"column":18}},"83":{"start":{"line":84,"column":0},"end":{"line":84,"column":65}},"84":{"start":{"line":85,"column":0},"end":{"line":85,"column":16}},"85":{"start":{"line":86,"column":0},"end":{"line":86,"column":14}},"86":{"start":{"line":87,"column":0},"end":{"line":87,"column":12}},"88":{"start":{"line":89,"column":0},"end":{"line":89,"column":3}},"90":{"start":{"line":91,"column":0},"end":{"line":91,"column":10}},"91":{"start":{"line":92,"column":0},"end":{"line":92,"column":43}},"92":{"start":{"line":93,"column":0},"end":{"line":93,"column":38}},"94":{"start":{"line":95,"column":0},"end":{"line":95,"column":11}},"96":{"start":{"line":97,"column":0},"end":{"line":97,"column":38}},"97":{"start":{"line":98,"column":0},"end":{"line":98,"column":44}},"98":{"start":{"line":99,"column":0},"end":{"line":99,"column":14}},"99":{"start":{"line":100,"column":0},"end":{"line":100,"column":32}},"100":{"start":{"line":101,"column":0},"end":{"line":101,"column":52}},"101":{"start":{"line":102,"column":0},"end":{"line":102,"column":38}},"103":{"start":{"line":104,"column":0},"end":{"line":104,"column":52}},"104":{"start":{"line":105,"column":0},"end":{"line":105,"column":51}},"105":{"start":{"line":106,"column":0},"end":{"line":106,"column":53}},"106":{"start":{"line":107,"column":0},"end":{"line":107,"column":63}},"107":{"start":{"line":108,"column":0},"end":{"line":108,"column":67}},"108":{"start":{"line":109,"column":0},"end":{"line":109,"column":25}},"109":{"start":{"line":110,"column":0},"end":{"line":110,"column":69}},"110":{"start":{"line":111,"column":0},"end":{"line":111,"column":61}},"111":{"start":{"line":112,"column":0},"end":{"line":112,"column":69}},"112":{"start":{"line":113,"column":0},"end":{"line":113,"column":25}},"113":{"start":{"line":114,"column":0},"end":{"line":114,"column":69}},"114":{"start":{"line":115,"column":0},"end":{"line":115,"column":56}},"115":{"start":{"line":116,"column":0},"end":{"line":116,"column":69}},"116":{"start":{"line":117,"column":0},"end":{"line":117,"column":25}},"117":{"start":{"line":118,"column":0},"end":{"line":118,"column":22}},"119":{"start":{"line":120,"column":0},"end":{"line":120,"column":53}},"120":{"start":{"line":121,"column":0},"end":{"line":121,"column":100}},"121":{"start":{"line":122,"column":0},"end":{"line":122,"column":79}},"122":{"start":{"line":123,"column":0},"end":{"line":123,"column":59}},"124":{"start":{"line":125,"column":0},"end":{"line":125,"column":27}},"126":{"start":{"line":127,"column":0},"end":{"line":127,"column":22}},"127":{"start":{"line":128,"column":0},"end":{"line":128,"column":20}},"129":{"start":{"line":130,"column":0},"end":{"line":130,"column":52}},"130":{"start":{"line":131,"column":0},"end":{"line":131,"column":21}},"131":{"start":{"line":132,"column":0},"end":{"line":132,"column":30}},"132":{"start":{"line":133,"column":0},"end":{"line":133,"column":40}},"133":{"start":{"line":134,"column":0},"end":{"line":134,"column":37}},"135":{"start":{"line":136,"column":0},"end":{"line":136,"column":24}},"136":{"start":{"line":137,"column":0},"end":{"line":137,"column":42}},"137":{"start":{"line":138,"column":0},"end":{"line":138,"column":43}},"138":{"start":{"line":139,"column":0},"end":{"line":139,"column":36}},"139":{"start":{"line":140,"column":0},"end":{"line":140,"column":37}},"140":{"start":{"line":141,"column":0},"end":{"line":141,"column":20}},"141":{"start":{"line":142,"column":0},"end":{"line":142,"column":22}},"142":{"start":{"line":143,"column":0},"end":{"line":143,"column":20}},"143":{"start":{"line":144,"column":0},"end":{"line":144,"column":18}},"144":{"start":{"line":145,"column":0},"end":{"line":145,"column":16}},"145":{"start":{"line":146,"column":0},"end":{"line":146,"column":11}},"146":{"start":{"line":147,"column":0},"end":{"line":147,"column":12}},"148":{"start":{"line":149,"column":0},"end":{"line":149,"column":59}},"149":{"start":{"line":150,"column":0},"end":{"line":150,"column":41}},"150":{"start":{"line":151,"column":0},"end":{"line":151,"column":48}},"152":{"start":{"line":153,"column":0},"end":{"line":153,"column":16}},"153":{"start":{"line":154,"column":0},"end":{"line":154,"column":14}},"155":{"start":{"line":156,"column":0},"end":{"line":156,"column":10}},"157":{"start":{"line":158,"column":0},"end":{"line":158,"column":2}},"160":{"start":{"line":161,"column":0},"end":{"line":161,"column":38}},"161":{"start":{"line":162,"column":0},"end":{"line":162,"column":61}},"162":{"start":{"line":163,"column":0},"end":{"line":163,"column":53}},"163":{"start":{"line":164,"column":0},"end":{"line":164,"column":49}},"165":{"start":{"line":166,"column":0},"end":{"line":166,"column":41}},"166":{"start":{"line":167,"column":0},"end":{"line":167,"column":9}},"167":{"start":{"line":168,"column":0},"end":{"line":168,"column":23}},"168":{"start":{"line":169,"column":0},"end":{"line":169,"column":21}},"171":{"start":{"line":172,"column":0},"end":{"line":172,"column":56}},"173":{"start":{"line":174,"column":0},"end":{"line":174,"column":25}},"174":{"start":{"line":175,"column":0},"end":{"line":175,"column":60}},"175":{"start":{"line":176,"column":0},"end":{"line":176,"column":7}},"177":{"start":{"line":178,"column":0},"end":{"line":178,"column":41}},"178":{"start":{"line":179,"column":0},"end":{"line":179,"column":28}},"179":{"start":{"line":180,"column":0},"end":{"line":180,"column":19}},"180":{"start":{"line":181,"column":0},"end":{"line":181,"column":28}},"181":{"start":{"line":182,"column":0},"end":{"line":182,"column":57}},"182":{"start":{"line":183,"column":0},"end":{"line":183,"column":15}},"183":{"start":{"line":184,"column":0},"end":{"line":184,"column":24}},"184":{"start":{"line":185,"column":0},"end":{"line":185,"column":5}},"185":{"start":{"line":186,"column":0},"end":{"line":186,"column":4}},"187":{"start":{"line":188,"column":0},"end":{"line":188,"column":25}},"188":{"start":{"line":189,"column":0},"end":{"line":189,"column":24}},"189":{"start":{"line":190,"column":0},"end":{"line":190,"column":9}},"191":{"start":{"line":192,"column":0},"end":{"line":192,"column":70}},"192":{"start":{"line":193,"column":0},"end":{"line":193,"column":2}},"195":{"start":{"line":196,"column":0},"end":{"line":196,"column":49}},"196":{"start":{"line":197,"column":0},"end":{"line":197,"column":13}},"197":{"start":{"line":198,"column":0},"end":{"line":198,"column":8}},"198":{"start":{"line":199,"column":0},"end":{"line":199,"column":8}},"199":{"start":{"line":200,"column":0},"end":{"line":200,"column":21}},"200":{"start":{"line":201,"column":0},"end":{"line":201,"column":7}},"201":{"start":{"line":202,"column":0},"end":{"line":202,"column":61}},"203":{"start":{"line":204,"column":0},"end":{"line":204,"column":51}},"204":{"start":{"line":205,"column":0},"end":{"line":205,"column":29}},"205":{"start":{"line":206,"column":0},"end":{"line":206,"column":38}},"206":{"start":{"line":207,"column":0},"end":{"line":207,"column":12}},"207":{"start":{"line":208,"column":0},"end":{"line":208,"column":60}},"208":{"start":{"line":209,"column":0},"end":{"line":209,"column":5}},"209":{"start":{"line":210,"column":0},"end":{"line":210,"column":4}},"211":{"start":{"line":212,"column":0},"end":{"line":212,"column":10}},"212":{"start":{"line":213,"column":0},"end":{"line":213,"column":26}},"213":{"start":{"line":214,"column":0},"end":{"line":214,"column":33}},"214":{"start":{"line":215,"column":0},"end":{"line":215,"column":23}},"215":{"start":{"line":216,"column":0},"end":{"line":216,"column":19}},"216":{"start":{"line":217,"column":0},"end":{"line":217,"column":49}},"217":{"start":{"line":218,"column":0},"end":{"line":218,"column":27}},"218":{"start":{"line":219,"column":0},"end":{"line":219,"column":17}},"219":{"start":{"line":220,"column":0},"end":{"line":220,"column":19}},"220":{"start":{"line":221,"column":0},"end":{"line":221,"column":6}},"222":{"start":{"line":223,"column":0},"end":{"line":223,"column":2}},"224":{"start":{"line":225,"column":0},"end":{"line":225,"column":37}}},"s":{"0":1,"1":1,"3":1,"4":10,"5":10,"6":10,"7":10,"8":10,"9":10,"10":10,"11":10,"13":10,"14":12,"15":12,"16":12,"17":12,"18":12,"19":12,"20":12,"21":12,"23":10,"24":2,"25":2,"26":2,"27":2,"29":10,"30":10,"32":10,"33":0,"34":0,"36":10,"37":0,"38":0,"40":10,"41":0,"42":0,"44":10,"45":10,"48":10,"49":4,"50":4,"51":4,"53":4,"54":4,"55":4,"56":16,"57":16,"58":16,"59":16,"60":16,"61":16,"62":16,"63":16,"64":16,"65":4,"66":4,"67":4,"69":4,"72":10,"73":2,"74":2,"75":2,"77":2,"78":2,"79":2,"80":2,"81":2,"82":2,"83":2,"84":2,"85":2,"86":2,"88":2,"90":4,"91":4,"92":4,"94":4,"96":4,"97":4,"98":6,"99":6,"100":6,"101":6,"103":6,"104":6,"105":6,"106":6,"107":6,"108":6,"109":6,"110":6,"111":6,"112":6,"113":6,"114":6,"115":6,"116":6,"117":6,"119":6,"120":6,"121":6,"122":3,"124":3,"126":6,"127":6,"129":6,"130":6,"131":6,"132":6,"133":6,"135":6,"136":6,"137":6,"138":6,"139":6,"140":6,"141":6,"142":6,"143":6,"144":6,"145":4,"146":4,"148":10,"149":1,"150":1,"152":1,"153":1,"155":10,"157":10,"160":1,"161":6,"162":6,"163":6,"165":6,"166":3,"167":3,"168":3,"171":3,"173":3,"174":1,"175":1,"177":2,"178":2,"179":3,"180":1,"181":1,"182":3,"183":3,"184":3,"185":3,"187":6,"188":3,"189":6,"191":6,"192":6,"195":1,"196":6,"197":6,"198":6,"199":6,"200":6,"201":6,"203":6,"204":1,"205":1,"206":1,"207":0,"208":0,"209":1,"211":6,"212":6,"213":6,"214":6,"215":6,"216":6,"217":6,"218":6,"219":6,"220":6,"222":6,"224":1},"branchMap":{"0":{"type":"branch","line":4,"loc":{"start":{"line":4,"column":30},"end":{"line":158,"column":2}},"locations":[{"start":{"line":4,"column":30},"end":{"line":158,"column":2}}]},"1":{"type":"branch","line":49,"loc":{"start":{"line":49,"column":15},"end":{"line":70,"column":3}},"locations":[{"start":{"line":49,"column":15},"end":{"line":70,"column":3}}]},"2":{"type":"branch","line":70,"loc":{"start":{"line":70,"column":2},"end":{"line":73,"column":13}},"locations":[{"start":{"line":70,"column":2},"end":{"line":73,"column":13}}]},"3":{"type":"branch","line":73,"loc":{"start":{"line":73,"column":13},"end":{"line":89,"column":3}},"locations":[{"start":{"line":73,"column":13},"end":{"line":89,"column":3}}]},"4":{"type":"branch","line":89,"loc":{"start":{"line":89,"column":2},"end":{"line":149,"column":36}},"locations":[{"start":{"line":89,"column":2},"end":{"line":149,"column":36}}]},"5":{"type":"branch","line":149,"loc":{"start":{"line":149,"column":31},"end":{"line":149,"column":48}},"locations":[{"start":{"line":149,"column":31},"end":{"line":149,"column":48}}]},"6":{"type":"branch","line":149,"loc":{"start":{"line":149,"column":37},"end":{"line":149,"column":59}},"locations":[{"start":{"line":149,"column":37},"end":{"line":149,"column":59}}]},"7":{"type":"branch","line":149,"loc":{"start":{"line":149,"column":49},"end":{"line":154,"column":14}},"locations":[{"start":{"line":149,"column":49},"end":{"line":154,"column":14}}]},"8":{"type":"branch","line":14,"loc":{"start":{"line":14,"column":25},"end":{"line":22,"column":4}},"locations":[{"start":{"line":14,"column":25},"end":{"line":22,"column":4}}]},"9":{"type":"branch","line":15,"loc":{"start":{"line":15,"column":16},"end":{"line":15,"column":32}},"locations":[{"start":{"line":15,"column":16},"end":{"line":15,"column":32}}]},"10":{"type":"branch","line":24,"loc":{"start":{"line":24,"column":22},"end":{"line":28,"column":4}},"locations":[{"start":{"line":24,"column":22},"end":{"line":28,"column":4}}]},"11":{"type":"branch","line":30,"loc":{"start":{"line":30,"column":30},"end":{"line":46,"column":4}},"locations":[{"start":{"line":30,"column":30},"end":{"line":46,"column":4}}]},"12":{"type":"branch","line":33,"loc":{"start":{"line":33,"column":27},"end":{"line":35,"column":5}},"locations":[{"start":{"line":33,"column":27},"end":{"line":35,"column":5}}]},"13":{"type":"branch","line":37,"loc":{"start":{"line":37,"column":28},"end":{"line":39,"column":5}},"locations":[{"start":{"line":37,"column":28},"end":{"line":39,"column":5}}]},"14":{"type":"branch","line":41,"loc":{"start":{"line":41,"column":19},"end":{"line":43,"column":5}},"locations":[{"start":{"line":41,"column":19},"end":{"line":43,"column":5}}]},"15":{"type":"branch","line":56,"loc":{"start":{"line":56,"column":28},"end":{"line":65,"column":18}},"locations":[{"start":{"line":56,"column":28},"end":{"line":65,"column":18}}]},"16":{"type":"branch","line":98,"loc":{"start":{"line":98,"column":26},"end":{"line":145,"column":16}},"locations":[{"start":{"line":98,"column":26},"end":{"line":145,"column":16}}]},"17":{"type":"branch","line":108,"loc":{"start":{"line":108,"column":33},"end":{"line":108,"column":67}},"locations":[{"start":{"line":108,"column":33},"end":{"line":108,"column":67}}]},"18":{"type":"branch","line":112,"loc":{"start":{"line":112,"column":33},"end":{"line":112,"column":69}},"locations":[{"start":{"line":112,"column":33},"end":{"line":112,"column":69}}]},"19":{"type":"branch","line":116,"loc":{"start":{"line":116,"column":33},"end":{"line":116,"column":69}},"locations":[{"start":{"line":116,"column":33},"end":{"line":116,"column":69}}]},"20":{"type":"branch","line":122,"loc":{"start":{"line":122,"column":43},"end":{"line":122,"column":79}},"locations":[{"start":{"line":122,"column":43},"end":{"line":122,"column":79}}]},"21":{"type":"branch","line":122,"loc":{"start":{"line":122,"column":67},"end":{"line":125,"column":27}},"locations":[{"start":{"line":122,"column":67},"end":{"line":125,"column":27}}]},"22":{"type":"branch","line":101,"loc":{"start":{"line":101,"column":21},"end":{"line":101,"column":52}},"locations":[{"start":{"line":101,"column":21},"end":{"line":101,"column":52}}]},"23":{"type":"branch","line":161,"loc":{"start":{"line":161,"column":31},"end":{"line":193,"column":2}},"locations":[{"start":{"line":161,"column":31},"end":{"line":193,"column":2}}]},"24":{"type":"branch","line":166,"loc":{"start":{"line":166,"column":28},"end":{"line":186,"column":4}},"locations":[{"start":{"line":166,"column":28},"end":{"line":186,"column":4}}]},"25":{"type":"branch","line":174,"loc":{"start":{"line":174,"column":24},"end":{"line":176,"column":7}},"locations":[{"start":{"line":174,"column":24},"end":{"line":176,"column":7}}]},"26":{"type":"branch","line":176,"loc":{"start":{"line":176,"column":6},"end":{"line":180,"column":13}},"locations":[{"start":{"line":176,"column":6},"end":{"line":180,"column":13}}]},"27":{"type":"branch","line":180,"loc":{"start":{"line":180,"column":4},"end":{"line":183,"column":6}},"locations":[{"start":{"line":180,"column":4},"end":{"line":183,"column":6}}]},"28":{"type":"branch","line":188,"loc":{"start":{"line":188,"column":18},"end":{"line":190,"column":5}},"locations":[{"start":{"line":188,"column":18},"end":{"line":190,"column":5}}]},"29":{"type":"branch","line":196,"loc":{"start":{"line":196,"column":46},"end":{"line":223,"column":2}},"locations":[{"start":{"line":196,"column":46},"end":{"line":223,"column":2}}]},"30":{"type":"branch","line":204,"loc":{"start":{"line":204,"column":33},"end":{"line":210,"column":4}},"locations":[{"start":{"line":204,"column":33},"end":{"line":210,"column":4}}]},"31":{"type":"branch","line":207,"loc":{"start":{"line":207,"column":4},"end":{"line":209,"column":5}},"locations":[{"start":{"line":207,"column":4},"end
[...]
n":0},"end":{"line":126,"column":71}},"126":{"start":{"line":127,"column":0},"end":{"line":127,"column":44}},"127":{"start":{"line":128,"column":0},"end":{"line":128,"column":55}},"128":{"start":{"line":129,"column":0},"end":{"line":129,"column":73}},"129":{"start":{"line":130,"column":0},"end":{"line":130,"column":46}},"130":{"start":{"line":131,"column":0},"end":{"line":131,"column":76}},"131":{"start":{"line":132,"column":0},"end":{"line":132,"column":77}},"132":{"start":{"line":133,"column":0},"end":{"line":133,"column":37}},"133":{"start":{"line":134,"column":0},"end":{"line":134,"column":35}},"134":{"start":{"line":135,"column":0},"end":{"line":135,"column":61}},"135":{"start":{"line":136,"column":0},"end":{"line":136,"column":30}},"137":{"start":{"line":138,"column":0},"end":{"line":138,"column":39}},"138":{"start":{"line":139,"column":0},"end":{"line":139,"column":50}},"139":{"start":{"line":140,"column":0},"end":{"line":140,"column":47}},"140":{"start":{"line":141,"column":0},"end":{"line":141,"column":54}},"141":{"start":{"line":142,"column":0},"end":{"line":142,"column":58}},"142":{"start":{"line":143,"column":0},"end":{"line":143,"column":77}},"143":{"start":{"line":144,"column":0},"end":{"line":144,"column":91}},"144":{"start":{"line":145,"column":0},"end":{"line":145,"column":35}},"145":{"start":{"line":146,"column":0},"end":{"line":146,"column":64}},"146":{"start":{"line":147,"column":0},"end":{"line":147,"column":30}},"148":{"start":{"line":149,"column":0},"end":{"line":149,"column":39}},"149":{"start":{"line":150,"column":0},"end":{"line":150,"column":60}},"150":{"start":{"line":151,"column":0},"end":{"line":151,"column":47}},"151":{"start":{"line":152,"column":0},"end":{"line":152,"column":54}},"152":{"start":{"line":153,"column":0},"end":{"line":153,"column":65}},"153":{"start":{"line":154,"column":0},"end":{"line":154,"column":78}},"154":{"start":{"line":155,"column":0},"end":{"line":155,"column":55}},"155":{"start":{"line":156,"column":0},"end":{"line":156,"column":92}},"156":{"start":{"line":157,"column":0},"end":{"line":157,"column":35}},"157":{"start":{"line":158,"column":0},"end":{"line":158,"column":71}},"158":{"start":{"line":159,"column":0},"end":{"line":159,"column":30}},"159":{"start":{"line":160,"column":0},"end":{"line":160,"column":30}},"160":{"start":{"line":161,"column":0},"end":{"line":161,"column":26}},"162":{"start":{"line":163,"column":0},"end":{"line":163,"column":59}},"163":{"start":{"line":164,"column":0},"end":{"line":164,"column":32}},"164":{"start":{"line":165,"column":0},"end":{"line":165,"column":48}},"165":{"start":{"line":166,"column":0},"end":{"line":166,"column":42}},"166":{"start":{"line":167,"column":0},"end":{"line":167,"column":49}},"167":{"start":{"line":168,"column":0},"end":{"line":168,"column":25}},"169":{"start":{"line":170,"column":0},"end":{"line":170,"column":33}},"170":{"start":{"line":171,"column":0},"end":{"line":171,"column":32}},"171":{"start":{"line":172,"column":0},"end":{"line":172,"column":46}},"172":{"start":{"line":173,"column":0},"end":{"line":173,"column":42}},"173":{"start":{"line":174,"column":0},"end":{"line":174,"column":48}},"175":{"start":{"line":176,"column":0},"end":{"line":176,"column":74}},"176":{"start":{"line":177,"column":0},"end":{"line":177,"column":33}},"177":{"start":{"line":178,"column":0},"end":{"line":178,"column":26}},"178":{"start":{"line":179,"column":0},"end":{"line":179,"column":23}},"180":{"start":{"line":181,"column":0},"end":{"line":181,"column":54}},"181":{"start":{"line":182,"column":0},"end":{"line":182,"column":64}},"182":{"start":{"line":183,"column":0},"end":{"line":183,"column":47}},"183":{"start":{"line":184,"column":0},"end":{"line":184,"column":31}},"184":{"start":{"line":185,"column":0},"end":{"line":185,"column":41}},"185":{"start":{"line":186,"column":0},"end":{"line":186,"column":50}},"186":{"start":{"line":187,"column":0},"end":{"line":187,"column":49}},"187":{"start":{"line":188,"column":0},"end":{"line":188,"column":25}},"189":{"start":{"line":190,"column":0},"end":{"line":190,"column":33}},"190":{"start":{"line":191,"column":0},"end":{"line":191,"column":27}},"191":{"start":{"line":192,"column":0},"end":{"line":192,"column":22}},"192":{"start":{"line":193,"column":0},"end":{"line":193,"column":18}},"193":{"start":{"line":194,"column":0},"end":{"line":194,"column":14}},"195":{"start":{"line":196,"column":0},"end":{"line":196,"column":1}}},"s":{"0":1,"1":1,"2":1,"3":1,"4":1,"6":2,"7":2,"8":2,"9":2,"10":2,"12":2,"14":2,"15":0,"16":0,"18":0,"19":0,"22":0,"23":0,"24":0,"25":0,"26":0,"27":0,"28":0,"47":0,"48":0,"49":0,"50":0,"51":0,"52":0,"53":0,"55":0,"56":0,"57":0,"58":0,"59":0,"60":0,"61":0,"63":2,"64":0,"65":0,"66":0,"67":0,"68":0,"70":2,"71":2,"72":2,"73":2,"74":2,"75":2,"77":2,"78":0,"79":0,"80":0,"83":2,"85":2,"87":2,"88":2,"89":2,"90":0,"92":2,"93":2,"94":2,"95":2,"97":2,"98":2,"99":2,"100":2,"101":2,"102":2,"103":2,"104":2,"105":2,"106":2,"107":2,"108":0,"110":2,"112":2,"113":2,"114":2,"115":2,"116":2,"117":2,"118":2,"119":2,"120":2,"121":2,"123":2,"124":2,"125":2,"126":2,"127":2,"128":2,"129":2,"130":2,"131":2,"132":2,"133":2,"134":2,"135":2,"137":2,"138":2,"139":2,"140":2,"141":2,"142":2,"143":2,"144":2,"145":2,"146":2,"148":2,"149":2,"150":2,"151":2,"152":2,"153":2,"154":2,"155":0,"156":2,"157":2,"158":2,"159":2,"160":2,"162":2,"163":2,"164":2,"165":2,"166":2,"167":2,"169":2,"170":2,"171":2,"172":2,"173":2,"175":2,"176":2,"177":2,"178":2,"180":2,"181":2,"182":2,"183":2,"184":2,"185":2,"186":2,"187":2,"189":2,"190":2,"191":2,"192":2,"193":2,"195":2},"branchMap":{"0":{"type":"branch","line":7,"loc":{"start":{"line":7,"column":0},"end":{"line":196,"column":1}},"locations":[{"start":{"line":7,"column":0},"end":{"line":196,"column":1}}]},"1":{"type":"branch","line":78,"loc":{"start":{"line":78,"column":17},"end":{"line":81,"column":26}},"locations":[{"start":{"line":78,"column":17},"end":{"line":81,"column":26}}]},"2":{"type":"branch","line":90,"loc":{"start":{"line":90,"column":33},"end":{"line":91,"column":121}},"locations":[{"start":{"line":90,"column":33},"end":{"line":91,"column":121}}]},"3":{"type":"branch","line":108,"loc":{"start":{"line":108,"column":36},"end":{"line":109,"column":92}},"locations":[{"start":{"line":108,"column":36},"end":{"line":109,"column":92}}]},"4":{"type":"branch","line":121,"loc":{"start":{"line":121,"column":46},"end":{"line":121,"column":60}},"locations":[{"start":{"line":121,"column":46},"end":{"line":121,"column":60}}]},"5":{"type":"branch","line":135,"loc":{"start":{"line":135,"column":46},"end":{"line":135,"column":61}},"locations":[{"start":{"line":135,"column":46},"end":{"line":135,"column":61}}]},"6":{"type":"branch","line":146,"loc":{"start":{"line":146,"column":46},"end":{"line":146,"column":64}},"locations":[{"start":{"line":146,"column":46},"end":{"line":146,"column":64}}]},"7":{"type":"branch","line":158,"loc":{"start":{"line":158,"column":46},"end":{"line":158,"column":71}},"locations":[{"start":{"line":158,"column":46},"end":{"line":158,"column":71}}]},"8":{"type":"branch","line":176,"loc":{"start":{"line":176,"column":29},"end":{"line":176,"column":60}},"locations":[{"start":{"line":176,"column":29},"end":{"line":176,"column":60}}]},"9":{"type":"branch","line":73,"loc":{"start":{"line":73,"column":60},"end":{"line":73,"column":86}},"locations":[{"start":{"line":73,"column":60},"end":{"line":73,"column":86}}]}},"b":{"0":[2],"1":[0],"2":[0],"3":[0],"4":[0],"5":[0],"6":[0],"7":[0],"8":[0],"9":[1]},"fnMap":{"0":{"name":"SignInModal","decl":{"start":{"line":7,"column":0},"end":{"line":196,"column":1}},"loc":{"start":{"line":7,"column":0},"end":{"line":196,"column":1}},"line":7},"1":{"name":"onSubmit","decl":{"start":{"line":15,"column":21},"end":{"line":62,"column":6}},"loc":{"start":{"line":15,"column":21},"end":{"line":62,"column":6}},"line":15},"2":{"name":"handleImageChange","decl":{"start":{"line":64,"column":30},"end":{"line":69,"column":6}},"loc":{"start":{"line":64,"column":30},"end":{"line":69,"column":6}},"line":64},"3":{"name":"onClick","decl":{"start":{"line":73,"column":60},"end":{"line":73,"column":86}},"loc":{"start":{"line":73,"column":60},"end":{"line":73,"column":86}},"line":73},"4":{"name":"validate","decl":{"start":{"line":155,"column":46},"end":{"line":156,"column":92}},"loc":{"start":{"line":155,"column":46},"end":{"line":156,"column":92}},"line":155}},"f":{"0":2,"1":0,"2":0,"3":1,"4":0}}
,"/Users/Paula/Desktop/Hackathon/take-medicine_front/src/components/treatmentDetails/TreatmentDetails.jsx": {"path":"/Users/Paula/Desktop/Hackathon/take-medicine_front/src/components/treatmentDetails/TreatmentDetails.jsx","all":true,"statementMap":{"0":{"start":{"line":1,"column":0},"end":{"line":1,"column":26}},"1":{"start":{"line":2,"column":0},"end":{"line":2,"column":32}},"2":{"start":{"line":3,"column":0},"end":{"line":3,"column":50}},"4":{"start":{"line":5,"column":0},"end":{"line":5,"column":66}},"5":{"start":{"line":6,"column":0},"end":{"line":6,"column":21}},"6":{"start":{"line":7,"column":0},"end":{"line":7,"column":20}},"7":{"start":{"line":8,"column":0},"end":{"line":8,"column":5}},"9":{"start":{"line":10,"column":0},"end":{"line":10,"column":12}},"10":{"start":{"line":11,"column":0},"end":{"line":11,"column":70}},"11":{"start":{"line":12,"column":0},"end":{"line":12,"column":127}},"12":{"start":{"line":13,"column":0},"end":{"line":13,"column":87}},"13":{"start":{"line":14,"column":0},"end":{"line":14,"column":89}},"15":{"start":{"line":16,"column":0},"end":{"line":16,"column":57}},"16":{"start":{"line":17,"column":0},"end":{"line":17,"column":93}},"17":{"start":{"line":18,"column":0},"end":{"line":18,"column":76}},"18":{"start":{"line":19,"column":0},"end":{"line":19,"column":91}},"19":{"start":{"line":20,"column":0},"end":{"line":20,"column":22}},"22":{"start":{"line":23,"column":0},"end":{"line":23,"column":60}},"23":{"start":{"line":24,"column":0},"end":{"line":24,"column":58}},"24":{"start":{"line":25,"column":0},"end":{"line":25,"column":75}},"25":{"start":{"line":26,"column":0},"end":{"line":26,"column":23}},"26":{"start":{"line":27,"column":0},"end":{"line":27,"column":22}},"29":{"start":{"line":30,"column":0},"end":{"line":30,"column":60}},"30":{"start":{"line":31,"column":0},"end":{"line":31,"column":84}},"31":{"start":{"line":32,"column":0},"end":{"line":32,"column":25}},"32":{"start":{"line":33,"column":0},"end":{"line":33,"column":61}},"33":{"start":{"line":34,"column":0},"end":{"line":34,"column":77}},"34":{"start":{"line":35,"column":0},"end":{"line":35,"column":27}},"35":{"start":{"line":36,"column":0},"end":{"line":36,"column":26}},"36":{"start":{"line":37,"column":0},"end":{"line":37,"column":22}},"37":{"start":{"line":38,"column":0},"end":{"line":38,"column":18}},"38":{"start":{"line":39,"column":0},"end":{"line":39,"column":14}},"40":{"start":{"line":41,"column":0},"end":{"line":41,"column":1}}},"s":{"0":0,"1":0,"2":0,"4":0,"5":0,"6":0,"7":0,"9":0,"10":0,"11":0,"12":0,"13":0,"15":0,"16":0,"17":0,"18":0,"19":0,"22":0,"23":0,"24":0,"25":0,"26":0,"29":0,"30":0,"31":0,"32":0,"33":0,"34":0,"35":0,"36":0,"37":0,"38":0,"40":0},"branchMap":{"0":{"type":"branch","line":1,"loc":{"start":{"line":1,"column":1731},"end":{"line":41,"column":1}},"locations":[{"start":{"line":1,"column":1731},"end":{"line":41,"column":1}}]}},"b":{"0":[0]},"fnMap":{"0":{"name":"(empty-report)","decl":{"start":{"line":1,"column":1731},"end":{"line":41,"column":1}},"loc":{"start":{"line":1,"column":1731},"end":{"line":41,"column":1}},"line":1}},"f":{"0":0}}
,"/Users/Paula/Desktop/Hackathon/take-medicine_front/src/pages/Calendar/CalendarPage.jsx": {"path":"/Users/Paula/Desktop/Hackathon/take-medicine_front/src/pages/Calendar/CalendarPage.jsx","all":true,"statementMap":{"0":{"start":{"line":1,"column":0},"end":{"line":1,"column":40}},"1":{"start":{"line":2,"column":0},"end":{"line":2,"column":28}},"2":{"start":{"line":3,"column":0},"end":{"line":3,"column":61}},"3":{"start":{"line":4,"column":0},"end":{"line":4,"column":52}},"5":{"start":{"line":6,"column":0},"end":{"line":6,"column":28}},"6":{"start":{"line":7,"column":0},"end":{"line":7,"column":65}},"7":{"start":{"line":8,"column":0},"end":{"line":8,"column":52}},"10":{"start":{"line":11,"column":0},"end":{"line":11,"column":7}},"12":{"start":{"line":13,"column":0},"end":{"line":13,"column":12}},"13":{"start":{"line":14,"column":0},"end":{"line":14,"column":30}},"14":{"start":{"line":15,"column":0},"end":{"line":15,"column":22}},"15":{"start":{"line":16,"column":0},"end":{"line":16,"column":44}},"18":{"start":{"line":19,"column":0},"end":{"line":19,"column":50}},"19":{"start":{"line":20,"column":0},"end":{"line":20,"column":38}},"20":{"start":{"line":21,"column":0},"end":{"line":21,"column":25}},"21":{"start":{"line":22,"column":0},"end":{"line":22,"column":43}},"22":{"start":{"line":23,"column":0},"end":{"line":23,"column":46}},"23":{"start":{"line":24,"column":0},"end":{"line":24,"column":41}},"24":{"start":{"line":25,"column":0},"end":{"line":25,"column":18}},"25":{"start":{"line":26,"column":0},"end":{"line":26,"column":22}},"27":{"start":{"line":28,"column":0},"end":{"line":28,"column":53}},"28":{"start":{"line":29,"column":0},"end":{"line":29,"column":37}},"29":{"start":{"line":30,"column":0},"end":{"line":30,"column":22}},"30":{"start":{"line":31,"column":0},"end":{"line":31,"column":51}},"31":{"start":{"line":32,"column":0},"end":{"line":32,"column":43}},"32":{"start":{"line":33,"column":0},"end":{"line":33,"column":22}},"33":{"start":{"line":34,"column":0},"end":{"line":34,"column":54}},"34":{"start":{"line":35,"column":0},"end":{"line":35,"column":34}},"35":{"start":{"line":36,"column":0},"end":{"line":36,"column":22}},"36":{"start":{"line":37,"column":0},"end":{"line":37,"column":14}},"37":{"start":{"line":38,"column":0},"end":{"line":38,"column":10}},"39":{"start":{"line":40,"column":0},"end":{"line":40,"column":2}},"41":{"start":{"line":42,"column":0},"end":{"line":42,"column":28}}},"s":{"0":0,"1":0,"2":0,"3":0,"5":0,"6":0,"7":0,"10":0,"12":0,"13":0,"14":0,"15":0,"18":0,"19":0,"20":0,"21":0,"22":0,"23":0,"24":0,"25":0,"27":0,"28":0,"29":0,"30":0,"31":0,"32":0,"33":0,"34":0,"35":0,"36":0,"37":0,"39":0,"41":0},"branchMap":{"0":{"type":"branch","line":1,"loc":{"start":{"line":1,"column":1186},"end":{"line":42,"column":28}},"locations":[{"start":{"line":1,"column":1186},"end":{"line":42,"column":28}}]}},"b":{"0":[0]},"fnMap":{"0":{"name":"(empty-report)","decl":{"start":{"line":1,"column":1186},"end":{"line":42,"column":28}},"loc":{"start":{"line":1,"column":1186},"end":{"line":42,"column":28}},"line":1}},"f":{"0":0}}
,"/Users/Paula/Desktop/Hackathon/take-medicine_front/src/pages/LogInPage/LogInPage.jsx": {"path":"/Users/Paula/Desktop/Hackathon/take-medicine_front/src/pages/LogInPage/LogInPage.jsx","all":false,"statementMap":{"0":{"start":{"line":1,"column":0},"end":{"line":1,"column":40}},"1":{"start":{"line":2,"column":0},"end":{"line":2,"column":25}},"2":{"start":{"line":3,"column":0},"end":{"line":3,"column":64}},"3":{"start":{"line":4,"column":0},"end":{"line":4,"column":67}},"5":{"start":{"line":6,"column":0},"end":{"line":6,"column":37}},"6":{"start":{"line":7,"column":0},"end":{"line":7,"column":60}},"8":{"start":{"line":9,"column":0},"end":{"line":9,"column":36}},"9":{"start":{"line":10,"column":0},"end":{"line":10,"column":29}},"10":{"start":{"line":11,"column":0},"end":{"line":11,"column":6}},"12":{"start":{"line":13,"column":0},"end":{"line":13,"column":46}},"13":{"start":{"line":14,"column":0},"end":{"line":14,"column":48}},"14":{"start":{"line":15,"column":0},"end":{"line":15,"column":27}},"16":{"start":{"line":17,"column":0},"end":{"line":17,"column":6}},"18":{"start":{"line":19,"column":0},"end":{"line":19,"column":49}},"19":{"start":{"line":20,"column":0},"end":{"line":20,"column":51}},"20":{"start":{"line":21,"column":0},"end":{"line":21,"column":32}},"21":{"start":{"line":22,"column":0},"end":{"line":22,"column":6}},"23":{"start":{"line":24,"column":0},"end":{"line":24,"column":38}},"24":{"start":{"line":25,"column":0},"end":{"line":25,"column":33}},"25":{"start":{"line":26,"column":0},"end":{"line":26,"column":6}},"27":{"start":{"line":28,"column":0},"end":{"line":28,"column":35}},"28":{"start":{"line":29,"column":0},"end":{"line":29,"column":32}},"29":{"start":{"line":30,"column":0},"end":{"line":30,"column":6}},"31":{"start":{"line":32,"column":0},"end":{"line":32,"column":12}},"32":{"start":{"line":33,"column":0},"end":{"line":33,"column":38}},"33":{"start":{"line":34,"column":0},"end":{"line":34,"column":41}},"34":{"start":{"line":35,"column":0},"end":{"line":35,"column":27}},"35":{"start":{"line":36,"column":0},"end":{"line":36,"column":46}},"36":{"start":{"line":37,"column":0},"end":{"line":37,"column":55}},"37":{"start":{"line":38,"column":0},"end":{"line":38,"column":55}},"38":{"start":{"line":39,"column":0},"end":{"line":39,"column":18}},"41":{"start":{"line":42,"column":0},"end":{"line":42,"column":42}},"42":{"start":{"line":43,"column":0},"end":{"line":43,"column":28}},"43":{"start":{"line":44,"column":0},"end":{"line":44,"column":46}},"44":{"start":{"line":45,"column":0},"end":{"line":45,"column":53}},"45":{"start":{"line":46,"column":0},"end":{"line":46,"column":49}},"46":{"start":{"line":47,"column":0},"end":{"line":47,"column":18}},"48":{"start":{"line":49,"column":0},"end":{"line":49,"column":14}},"50":{"start":{"line":51,"column":0},"end":{"line":51,"column":1}}},"s":{"0":1,"1":1,"2":1,"3":1,"5":5,"6":5,"8":5,"9":1,"10":1,"12":5,"13":0,"14":0,"16":0,"18":5,"19":0,"20":0,"21":0,"23":5,"24":1,"25":1,"27":5,"28":1,"29":1,"31":5,"32":5,"33":5,"34":3,"35":3,"36":3,"37":3,"38":3,"41":5,"42":1,"43":1,"44":1,"45":1,"46":1,"48":5,"50":5},"branchMap":{"0":{"type":"branch","line":6,"loc":{"start":{"line":6,"column":0},"end":{"line":51,"column":1}},"locations":[{"start":{"line":6,"column":0},"end":{"line":51,"column":1}}]},"1":{"type":"branch","line":34,"loc":{"start":{"line":34,"column":29},"end":{"line":39,"column":18}},"locations":[{"start":{"line":34,"column":29},"end":{"line":39,"column":18}}]},"2":{"type":"branch","line":42,"loc":{"start":{"line":42,"column":29},"end":{"line":47,"column":18}},"locations":[{"start":{"line":42,"column":29},"end":{"line":47,"column":18}}]},"3":{"type":"branch","line":9,"loc":{"start":{"line":9,"column":29},"end":{"line":11,"column":6}},"locations":[{"start":{"line":9,"column":29},"end":{"line":11,"column":6}}]},"4":{"type":"branch","line":24,"loc":{"start":{"line":24,"column":31},"end":{"line":26,"column":6}},"locations":[{"start":{"line":24,"column":31},"end":{"line":26,"column":6}}]},"5":{"type":"branch","line":28,"loc":{"start":{"line":28,"column":28},"end":{"line":30,"column":6}},"locations":[{"start":{"line":28,"column":28},"end":{"line":30,"column":6}}]}},"b":{"0":[5],"1":[3],"2":[1],"3":[1],"4":[1],"5":[1]},"fnMap":{"0":{"name":"LogInPage","decl":{"start":{"line":6,"column":0},"end":{"line":51,"column":1}},"loc":{"start":{"line":6,"column":0},"end":{"line":51,"column":1}},"line":6},"1":{"name":"handleCloseModal","decl":{"start":{"line":9,"column":29},"end":{"line":11,"column":6}},"loc":{"start":{"line":9,"column":29},"end":{"line":11,"column":6}},"line":9},"2":{"name":"handleLoginSuccess","decl":{"start":{"line":13,"column":31},"end":{"line":17,"column":6}},"loc":{"start":{"line":13,"column":31},"end":{"line":17,"column":6}},"line":13},"3":{"name":"handleRegisterSuccess","decl":{"start":{"line":19,"column":34},"end":{"line":22,"column":6}},"loc":{"start":{"line":19,"column":34},"end":{"line":22,"column":6}},"line":19},"4":{"name":"handleGoToRegister","decl":{"start":{"line":24,"column":31},"end":{"line":26,"column":6}},"loc":{"start":{"line":24,"column":31},"end":{"line":26,"column":6}},"line":24},"5":{"name":"handleGoToLogin","decl":{"start":{"line":28,"column":28},"end":{"line":30,"column":6}},"loc":{"start":{"line":28,"column":28},"end":{"line":30,"column":6}},"line":28}},"f":{"0":5,"1":1,"2":0,"3":0,"4":1,"5":1}}
}
